

================================================================
== Vivado HLS Report for 'doCycle'
================================================================
* Date:           Tue Jun 29 00:12:29 2021

* Version:        2019.2 (Build 2704478 on Wed Nov 06 22:10:23 MST 2019)
* Project:        doCore
* Solution:       solution
* Product family: zynq
* Target device:  xc7z010-clg400-2


================================================================
== Performance Estimates
================================================================
+ Timing: 
    * Summary: 
    +--------+---------+----------+------------+
    |  Clock |  Target | Estimated| Uncertainty|
    +--------+---------+----------+------------+
    |ap_clk  | 8.50 ns | 6.999 ns |   1.06 ns  |
    +--------+---------+----------+------------+

+ Latency: 
    * Summary: 
    +---------+---------+-----------+-----------+-----+-----+---------+
    |  Latency (cycles) |   Latency (absolute)  |  Interval | Pipeline|
    |   min   |   max   |    min    |    max    | min | max |   Type  |
    +---------+---------+-----------+-----------+-----+-----+---------+
    |        4|        6| 34.000 ns | 51.000 ns |    4|    6|   none  |
    +---------+---------+-----------+-----------+-----+-----+---------+

    + Detail: 
        * Instance: 
        +--------------------+---------+---------+---------+----------+----------+-----+-----+---------+
        |                    |         |  Latency (cycles) |  Latency (absolute) |  Interval | Pipeline|
        |      Instance      |  Module |   min   |   max   |    min   |    max   | min | max |   Type  |
        +--------------------+---------+---------+---------+----------+----------+-----+-----+---------+
        |grp_execute_fu_913  |execute  |        1|        1| 8.500 ns | 8.500 ns |    1|    1|   none  |
        |grp_decode_fu_943   |decode   |        1|        1| 8.500 ns | 8.500 ns |    1|    1|   none  |
        +--------------------+---------+---------+---------+----------+----------+-----+-----+---------+

        * Loop: 
        N/A



================================================================
== Utilization Estimates
================================================================
* Summary: 
+-----------------+---------+-------+-------+-------+-----+
|       Name      | BRAM_18K| DSP48E|   FF  |  LUT  | URAM|
+-----------------+---------+-------+-------+-------+-----+
|DSP              |        -|      -|      -|      -|    -|
|Expression       |        -|      -|      0|   1689|    -|
|FIFO             |        -|      -|      -|      -|    -|
|Instance         |        -|      -|    614|   5059|    -|
|Memory           |        -|      -|      -|      -|    -|
|Multiplexer      |        -|      -|      -|    250|    -|
|Register         |        -|      -|   1456|      -|    -|
+-----------------+---------+-------+-------+-------+-----+
|Total            |        0|      0|   2070|   6998|    0|
+-----------------+---------+-------+-------+-------+-----+
|Available        |      120|     80|  35200|  17600|    0|
+-----------------+---------+-------+-------+-------+-----+
|Utilization (%)  |        0|      0|      5|     39|    0|
+-----------------+---------+-------+-------+-------+-----+

+ Detail: 
    * Instance: 
    +--------------------------+----------------------+---------+-------+-----+------+-----+
    |         Instance         |        Module        | BRAM_18K| DSP48E|  FF |  LUT | URAM|
    +--------------------------+----------------------+---------+-------+-----+------+-----+
    |grp_decode_fu_943         |decode                |        0|      0|  334|   544|    0|
    |doCore_mux_1287_1bkb_U18  |doCore_mux_1287_1bkb  |        0|      0|    0|   673|    0|
    |doCore_mux_1287_1bkb_U20  |doCore_mux_1287_1bkb  |        0|      0|    0|   673|    0|
    |doCore_mux_1287_3cud_U19  |doCore_mux_1287_3cud  |        0|      0|    0|   673|    0|
    |doCore_mux_1287_3cud_U21  |doCore_mux_1287_3cud  |        0|      0|    0|   673|    0|
    |doCore_mux_1287_4dEe_U22  |doCore_mux_1287_4dEe  |        0|      0|    0|   673|    0|
    |grp_execute_fu_913        |execute               |        0|      0|  280|  1150|    0|
    +--------------------------+----------------------+---------+-------+-----+------+-----+
    |Total                     |                      |        0|      0|  614|  5059|    0|
    +--------------------------+----------------------+---------+-------+-----+------+-----+

    * DSP48E: 
    N/A

    * Memory: 
    N/A

    * FIFO: 
    N/A

    * Expression: 
    +-----------------------------------+----------+-------+---+----+------------+------------+
    |           Variable Name           | Operation| DSP48E| FF| LUT| Bitwidth P0| Bitwidth P1|
    +-----------------------------------+----------+-------+---+----+------------+------------+
    |add_ln180_fu_2971_p2               |     +    |      0|  0|  14|          14|          14|
    |add_ln35_fu_2936_p2                |     +    |      0|  0|   4|           2|           3|
    |add_ln56_fu_3731_p2                |     +    |      0|  0|  32|          32|           2|
    |add_ln700_fu_3648_p2               |     +    |      0|  0|   3|           2|           2|
    |add_ln741_fu_3838_p2               |     +    |      0|  0|  64|          64|           1|
    |ftoDC_temp_nextPCFet_fu_984_p2     |     +    |      0|  0|  32|          32|           3|
    |ret_V_fu_2961_p2                   |     +    |      0|  0|   4|           3|           1|
    |sub_ln701_fu_3632_p2               |     -    |      0|  0|   3|           2|           2|
    |and_ln480_fu_2459_p2               |    and   |      0|  0|   1|           1|           1|
    |and_ln505_1_fu_3820_p2             |    and   |      0|  0|   1|           1|           1|
    |and_ln505_2_fu_3832_p2             |    and   |      0|  0|   1|           1|           1|
    |and_ln505_fu_3826_p2               |    and   |      0|  0|   1|           1|           1|
    |and_ln507_1_fu_2534_p2             |    and   |      0|  0|   1|           1|           1|
    |and_ln507_fu_2524_p2               |    and   |      0|  0|   1|           1|           1|
    |and_ln508_1_fu_2595_p2             |    and   |      0|  0|   1|           1|           1|
    |and_ln508_fu_2585_p2               |    and   |      0|  0|   1|           1|           1|
    |and_ln515_1_fu_2496_p2             |    and   |      0|  0|   1|           1|           1|
    |and_ln515_2_fu_2507_p2             |    and   |      0|  0|   1|           1|           1|
    |and_ln515_3_fu_2512_p2             |    and   |      0|  0|   1|           1|           1|
    |and_ln515_fu_2483_p2               |    and   |      0|  0|   1|           1|           1|
    |and_ln530_1_fu_2557_p2             |    and   |      0|  0|   1|           1|           1|
    |and_ln530_2_fu_2568_p2             |    and   |      0|  0|   1|           1|           1|
    |and_ln530_3_fu_2573_p2             |    and   |      0|  0|   1|           1|           1|
    |and_ln530_fu_2544_p2               |    and   |      0|  0|   1|           1|           1|
    |and_ln544_1_fu_2618_p2             |    and   |      0|  0|   1|           1|           1|
    |and_ln544_2_fu_2635_p2             |    and   |      0|  0|   1|           1|           1|
    |and_ln544_3_fu_2647_p2             |    and   |      0|  0|   1|           1|           1|
    |and_ln544_4_fu_2652_p2             |    and   |      0|  0|   1|           1|           1|
    |and_ln544_6_fu_2670_p2             |    and   |      0|  0|   1|           1|           1|
    |and_ln544_7_fu_2680_p2             |    and   |      0|  0|   1|           1|           1|
    |and_ln544_fu_2605_p2               |    and   |      0|  0|   1|           1|           1|
    |and_ln55_1_fu_3761_p2              |    and   |      0|  0|   1|           1|           1|
    |and_ln55_fu_3755_p2                |    and   |      0|  0|   1|           1|           1|
    |and_ln634_fu_2780_p2               |    and   |      0|  0|   1|           1|           1|
    |and_ln654_fu_3085_p2               |    and   |      0|  0|   1|           1|           1|
    |and_ln686_fu_3218_p2               |    and   |      0|  0|   1|           1|           1|
    |and_ln691_fu_3375_p2               |    and   |      0|  0|   1|           1|           1|
    |and_ln693_1_fu_3387_p2             |    and   |      0|  0|   1|           1|           1|
    |and_ln693_fu_3346_p2               |    and   |      0|  0|   1|           1|           1|
    |and_ln698_fu_3440_p2               |    and   |      0|  0|   1|           1|           1|
    |and_ln700_1_fu_3452_p2             |    and   |      0|  0|   1|           1|           1|
    |and_ln700_fu_3411_p2               |    and   |      0|  0|   1|           1|           1|
    |and_ln723_fu_3550_p2               |    and   |      0|  0|   1|           1|           1|
    |ap_condition_561                   |    and   |      0|  0|   1|           1|           1|
    |ap_condition_566                   |    and   |      0|  0|   1|           1|           1|
    |ap_condition_570                   |    and   |      0|  0|   1|           1|           1|
    |core_dctoEx_isBranch_1_fu_3535_p2  |    and   |      0|  0|   1|           1|           1|
    |core_dctoEx_useRd_1_fu_3540_p2     |    and   |      0|  0|   1|           1|           1|
    |forwardRegisters_for_1_fu_2578_p2  |    and   |      0|  0|   1|           1|           1|
    |forwardRegisters_for_2_fu_2657_p2  |    and   |      0|  0|   1|           1|           1|
    |forwardRegisters_for_3_fu_2686_p2  |    and   |      0|  0|   1|           1|           1|
    |forwardRegisters_for_fu_2517_p2    |    and   |      0|  0|   1|           1|           1|
    |or_ln713_fu_3499_p2                |    and   |      0|  0|   1|           1|           1|
    |wbOut_temp_useRd_fu_2465_p2        |    and   |      0|  0|   1|           1|           1|
    |grp_fu_964_p2                      |   icmp   |      0|  0|   2|           3|           2|
    |icmp_ln35_fu_2951_p2               |   icmp   |      0|  0|   1|           2|           1|
    |icmp_ln55_fu_3714_p2               |   icmp   |      0|  0|  12|          32|           1|
    |icmp_ln57_1_fu_2991_p2             |   icmp   |      0|  0|   2|           2|           3|
    |icmp_ln57_2_fu_2997_p2             |   icmp   |      0|  0|   1|           2|           1|
    |icmp_ln57_fu_2985_p2               |   icmp   |      0|  0|   1|           2|           2|
    |icmp_ln640_fu_2801_p2              |   icmp   |      0|  0|   2|           2|           3|
    |icmp_ln653_fu_2807_p2              |   icmp   |      0|  0|   1|           2|           1|
    |icmp_ln654_1_fu_3074_p2            |   icmp   |      0|  0|   2|           3|           1|
    |icmp_ln654_2_fu_3091_p2            |   icmp   |      0|  0|   2|           3|           3|
    |icmp_ln654_3_fu_3102_p2            |   icmp   |      0|  0|   2|           3|           1|
    |icmp_ln654_fu_3069_p2              |   icmp   |      0|  0|   2|           3|           4|
    |icmp_ln686_fu_3213_p2              |   icmp   |      0|  0|   3|           7|           6|
    |icmp_ln723_fu_3545_p2              |   icmp   |      0|  0|   3|           7|           6|
    |icmp_ln879_1_fu_2488_p2            |   icmp   |      0|  0|   2|           5|           5|
    |icmp_ln879_2_fu_2492_p2            |   icmp   |      0|  0|   2|           5|           5|
    |icmp_ln879_3_fu_2540_p2            |   icmp   |      0|  0|   2|           5|           5|
    |icmp_ln879_4_fu_2549_p2            |   icmp   |      0|  0|   2|           5|           5|
    |icmp_ln879_5_fu_2553_p2            |   icmp   |      0|  0|   2|           5|           5|
    |icmp_ln879_6_fu_2601_p2            |   icmp   |      0|  0|   2|           5|           5|
    |icmp_ln879_7_fu_2610_p2            |   icmp   |      0|  0|   2|           5|           5|
    |icmp_ln879_8_fu_2614_p2            |   icmp   |      0|  0|   2|           5|           5|
    |icmp_ln879_fu_2479_p2              |   icmp   |      0|  0|   2|           5|           5|
    |icmp_ln883_1_fu_3622_p2            |   icmp   |      0|  0|   1|           2|           1|
    |icmp_ln883_2_fu_3638_p2            |   icmp   |      0|  0|   1|           2|           2|
    |icmp_ln883_fu_2427_p2              |   icmp   |      0|  0|   2|           5|           1|
    |icmp_ln9_1_fu_3254_p2              |   icmp   |      0|  0|   1|           2|           1|
    |icmp_ln9_2_fu_3260_p2              |   icmp   |      0|  0|   2|           2|           3|
    |icmp_ln9_3_fu_3580_p2              |   icmp   |      0|  0|   1|           2|           1|
    |icmp_ln9_4_fu_3594_p2              |   icmp   |      0|  0|   1|           2|           1|
    |icmp_ln9_5_fu_3608_p2              |   icmp   |      0|  0|   2|           2|           3|
    |icmp_ln9_fu_3248_p2                |   icmp   |      0|  0|   1|           2|           1|
    |and_ln713_fu_3530_p2               |    or    |      0|  0|   1|           1|           1|
    |ap_block_state2_on_subcall_done    |    or    |      0|  0|   1|           1|           1|
    |localStall_fu_3197_p2              |    or    |      0|  0|   1|           1|           1|
    |or_ln180_1_fu_2921_p2              |    or    |      0|  0|  13|          13|           2|
    |or_ln180_fu_2906_p2                |    or    |      0|  0|  13|          13|           2|
    |or_ln480_fu_2439_p2                |    or    |      0|  0|   1|           1|           1|
    |or_ln544_1_fu_2629_p2              |    or    |      0|  0|   1|           1|           1|
    |or_ln544_fu_2623_p2                |    or    |      0|  0|   1|           1|           1|
    |or_ln55_fu_2821_p2                 |    or    |      0|  0|  13|          13|           2|
    |or_ln56_fu_2836_p2                 |    or    |      0|  0|  13|          13|           2|
    |or_ln57_fu_3003_p2                 |    or    |      0|  0|   1|           1|           1|
    |or_ln624_1_fu_2711_p2              |    or    |      0|  0|   1|           1|           1|
    |or_ln624_2_fu_2723_p2              |    or    |      0|  0|   1|           1|           1|
    |or_ln624_3_fu_2735_p2              |    or    |      0|  0|   1|           1|           1|
    |or_ln624_4_fu_2748_p2              |    or    |      0|  0|   1|           1|           1|
    |or_ln624_fu_2699_p2                |    or    |      0|  0|   1|           1|           1|
    |or_ln634_fu_2760_p2                |    or    |      0|  0|   1|           1|           1|
    |or_ln654_1_fu_3107_p2              |    or    |      0|  0|   1|           1|           1|
    |or_ln654_2_fu_3119_p2              |    or    |      0|  0|   1|           1|           1|
    |or_ln654_3_fu_3113_p2              |    or    |      0|  0|   1|           1|           1|
    |or_ln654_fu_3096_p2                |    or    |      0|  0|   1|           1|           1|
    |or_ln680_1_fu_3208_p2              |    or    |      0|  0|   1|           1|           1|
    |or_ln691_fu_3340_p2                |    or    |      0|  0|   1|           1|           1|
    |or_ln693_fu_3351_p2                |    or    |      0|  0|   1|           1|           1|
    |or_ln698_fu_3405_p2                |    or    |      0|  0|   1|           1|           1|
    |or_ln700_fu_3416_p2                |    or    |      0|  0|   1|           1|           1|
    |or_ln705_fu_3470_p2                |    or    |      0|  0|   1|           1|           1|
    |or_ln707_fu_3476_p2                |    or    |      0|  0|   1|           1|           1|
    |or_ln733_fu_3696_p2                |    or    |      0|  0|   1|           1|           1|
    |or_ln737_1_fu_3773_p2              |    or    |      0|  0|   1|           1|           1|
    |or_ln737_2_fu_3705_p2              |    or    |      0|  0|   1|           1|           1|
    |or_ln737_fu_3741_p2                |    or    |      0|  0|   1|           1|           1|
    |or_ln9_fu_3266_p2                  |    or    |      0|  0|   1|           1|           1|
    |result_V_fu_3125_p2                |    or    |      0|  0|   1|           1|           1|
    |write_flag11_1_fu_3504_p2          |    or    |      0|  0|   1|           1|           1|
    |core_dctoEx_instruct_1_fu_3517_p3  |  select  |      0|  0|  32|           1|          32|
    |core_dctoEx_pc_V_1_fu_3510_p3      |  select  |      0|  0|  32|           1|          32|
    |opType_fu_2794_p3                  |  select  |      0|  0|   2|           1|           1|
    |p_Val2_1_fu_3131_p3                |  select  |      0|  0|   2|           1|           2|
    |phitmp_fu_2768_p3                  |  select  |      0|  0|   3|           1|           3|
    |result_V_6_fu_3163_p3              |  select  |      0|  0|  32|           1|          32|
    |result_V_7_fu_3189_p3              |  select  |      0|  0|  32|           1|          32|
    |select_ln480_fu_2445_p3            |  select  |      0|  0|   5|           1|           5|
    |select_ln501_fu_3719_p3            |  select  |      0|  0|  32|           1|          32|
    |select_ln55_1_fu_3800_p3           |  select  |      0|  0|  32|           1|          32|
    |select_ln55_2_fu_3807_p3           |  select  |      0|  0|  32|           1|          32|
    |select_ln55_fu_3793_p3             |  select  |      0|  0|  32|           1|          32|
    |select_ln57_1_fu_3017_p3           |  select  |      0|  0|   3|           1|           1|
    |select_ln57_2_fu_3025_p3           |  select  |      0|  0|   2|           1|           2|
    |select_ln57_3_fu_3043_p3           |  select  |      0|  0|   2|           1|           1|
    |select_ln57_4_fu_3051_p3           |  select  |      0|  0|   2|           1|           2|
    |select_ln57_fu_3009_p3             |  select  |      0|  0|   2|           1|           2|
    |select_ln618_fu_3654_p3            |  select  |      0|  0|   2|           1|           2|
    |select_ln634_fu_2786_p3            |  select  |      0|  0|   2|           1|           2|
    |select_ln680_fu_3779_p3            |  select  |      0|  0|  32|           1|          32|
    |select_ln691_fu_3380_p3            |  select  |      0|  0|  32|           1|          32|
    |select_ln693_1_fu_3393_p3          |  select  |      0|  0|  32|           1|          32|
    |select_ln693_fu_3357_p3            |  select  |      0|  0|  32|           1|          32|
    |select_ln695_fu_3364_p3            |  select  |      0|  0|  32|           1|          32|
    |select_ln698_fu_3445_p3            |  select  |      0|  0|  32|           1|          32|
    |select_ln700_1_fu_3458_p3          |  select  |      0|  0|  32|           1|          32|
    |select_ln700_fu_3422_p3            |  select  |      0|  0|  32|           1|          32|
    |select_ln702_fu_3429_p3            |  select  |      0|  0|  32|           1|          32|
    |select_ln709_fu_3481_p3            |  select  |      0|  0|  32|           1|          32|
    |select_ln713_1_fu_3493_p3          |  select  |      0|  0|  32|           1|          32|
    |select_ln713_fu_3487_p3            |  select  |      0|  0|  32|           1|          32|
    |select_ln729_fu_3685_p3            |  select  |      0|  0|  32|           1|          32|
    |select_ln737_1_fu_3785_p3          |  select  |      0|  0|  32|           1|          32|
    |select_ln737_fu_3747_p3            |  select  |      0|  0|   2|           1|           1|
    |select_ln742_10_fu_3906_p3         |  select  |      0|  0|   2|           1|           1|
    |select_ln742_11_fu_3912_p3         |  select  |      0|  0|   2|           1|           1|
    |select_ln742_12_fu_3918_p3         |  select  |      0|  0|   2|           1|           1|
    |select_ln742_13_fu_3924_p3         |  select  |      0|  0|   2|           1|           1|
    |select_ln742_14_fu_3931_p3         |  select  |      0|  0|   5|           1|           5|
    |select_ln742_15_fu_3937_p3         |  select  |      0|  0|   5|           1|           5|
    |select_ln742_16_fu_3943_p3         |  select  |      0|  0|   5|           1|           5|
    |select_ln742_17_fu_3949_p3         |  select  |      0|  0|   5|           1|           5|
    |select_ln742_18_fu_3955_p3         |  select  |      0|  0|  32|           1|          32|
    |select_ln742_19_fu_3961_p3         |  select  |      0|  0|  32|           1|          32|
    |select_ln742_1_fu_3849_p3          |  select  |      0|  0|  32|           1|          32|
    |select_ln742_20_fu_3967_p3         |  select  |      0|  0|  32|           1|          32|
    |select_ln742_21_fu_3973_p3         |  select  |      0|  0|   5|           1|           5|
    |select_ln742_22_fu_3979_p3         |  select  |      0|  0|   2|           1|           1|
    |select_ln742_23_fu_3985_p3         |  select  |      0|  0|   2|           1|           1|
    |select_ln742_24_fu_3991_p3         |  select  |      0|  0|   7|           1|           7|
    |select_ln742_25_fu_3997_p3         |  select  |      0|  0|   3|           1|           3|
    |select_ln742_26_fu_4003_p3         |  select  |      0|  0|  32|           1|          32|
    |select_ln742_27_fu_4009_p3         |  select  |      0|  0|  32|           1|          32|
    |select_ln742_28_fu_4015_p3         |  select  |      0|  0|   2|           1|           1|
    |select_ln742_29_fu_4021_p3         |  select  |      0|  0|   2|           1|           1|
    |select_ln742_2_fu_3855_p3          |  select  |      0|  0|  32|           1|          32|
    |select_ln742_30_fu_4027_p3         |  select  |      0|  0|   2|           1|           1|
    |select_ln742_31_fu_4033_p3         |  select  |      0|  0|   5|           1|           5|
    |select_ln742_32_fu_4038_p3         |  select  |      0|  0|   2|           1|           1|
    |select_ln742_33_fu_4043_p3         |  select  |      0|  0|  32|           1|          32|
    |select_ln742_34_fu_4048_p3         |  select  |      0|  0|  32|           1|          32|
    |select_ln742_35_fu_4053_p3         |  select  |      0|  0|   4|           1|           4|
    |select_ln742_36_fu_4058_p3         |  select  |      0|  0|   2|           1|           1|
    |select_ln742_37_fu_4063_p3         |  select  |      0|  0|   2|           1|           1|
    |select_ln742_38_fu_4068_p3         |  select  |      0|  0|   2|           1|           1|
    |select_ln742_3_fu_3861_p3          |  select  |      0|  0|  32|           1|          32|
    |select_ln742_4_fu_3868_p3          |  select  |      0|  0|  32|           1|          32|
    |select_ln742_5_fu_3875_p3          |  select  |      0|  0|   7|           1|           7|
    |select_ln742_6_fu_3881_p3          |  select  |      0|  0|   7|           1|           7|
    |select_ln742_7_fu_3887_p3          |  select  |      0|  0|   3|           1|           3|
    |select_ln742_8_fu_3893_p3          |  select  |      0|  0|  32|           1|          32|
    |select_ln742_9_fu_3899_p3          |  select  |      0|  0|   2|           1|           1|
    |select_ln742_fu_3843_p3            |  select  |      0|  0|  32|           1|          32|
    |select_ln9_1_fu_3312_p3            |  select  |      0|  0|   2|           1|           1|
    |select_ln9_2_fu_3320_p3            |  select  |      0|  0|   2|           1|           1|
    |select_ln9_3_fu_3586_p3            |  select  |      0|  0|   2|           1|           2|
    |select_ln9_4_fu_3600_p3            |  select  |      0|  0|   2|           1|           2|
    |select_ln9_5_fu_3614_p3            |  select  |      0|  0|   2|           1|           2|
    |select_ln9_fu_3288_p3              |  select  |      0|  0|   2|           1|           1|
    |wbOut_temp_rd_V_fu_2471_p3         |  select  |      0|  0|   5|           1|           1|
    |dctoEx_temp_predBran_fu_3328_p2    |    xor   |      0|  0|   2|           1|           2|
    |not_core_stallSignal_fu_3524_p2    |    xor   |      0|  0|   2|           1|           2|
    |xor_ln480_1_fu_2453_p2             |    xor   |      0|  0|   2|           1|           2|
    |xor_ln480_fu_2433_p2               |    xor   |      0|  0|   2|           1|           2|
    |xor_ln501_fu_3725_p2               |    xor   |      0|  0|   2|           1|           2|
    |xor_ln505_fu_3814_p2               |    xor   |      0|  0|   1|           1|           1|
    |xor_ln507_fu_2529_p2               |    xor   |      0|  0|   1|           1|           1|
    |xor_ln508_fu_2590_p2               |    xor   |      0|  0|   1|           1|           1|
    |xor_ln515_fu_2501_p2               |    xor   |      0|  0|   2|           2|           1|
    |xor_ln530_fu_2562_p2               |    xor   |      0|  0|   2|           2|           1|
    |xor_ln544_1_fu_2675_p2             |    xor   |      0|  0|   1|           1|           1|
    |xor_ln544_fu_2641_p2               |    xor   |      0|  0|   2|           2|           1|
    |xor_ln551_fu_2663_p2               |    xor   |      0|  0|   2|           1|           2|
    |xor_ln562_fu_2775_p2               |    xor   |      0|  0|   2|           1|           2|
    |xor_ln57_fu_3736_p2                |    xor   |      0|  0|  32|          32|           1|
    |xor_ln624_1_fu_2693_p2             |    xor   |      0|  0|   2|           2|           1|
    |xor_ln624_2_fu_2717_p2             |    xor   |      0|  0|   2|           2|           1|
    |xor_ln624_3_fu_2729_p2             |    xor   |      0|  0|   2|           2|           1|
    |xor_ln624_4_fu_2742_p2             |    xor   |      0|  0|   2|           2|           1|
    |xor_ln624_fu_2705_p2               |    xor   |      0|  0|   2|           2|           1|
    |xor_ln634_fu_2755_p2               |    xor   |      0|  0|   2|           1|           2|
    |xor_ln654_fu_3079_p2               |    xor   |      0|  0|   2|           1|           2|
    |xor_ln680_fu_3202_p2               |    xor   |      0|  0|   2|           1|           2|
    |xor_ln691_1_fu_3369_p2             |    xor   |      0|  0|   2|           1|           2|
    |xor_ln691_fu_3335_p2               |    xor   |      0|  0|   2|           1|           2|
    |xor_ln698_fu_3434_p2               |    xor   |      0|  0|   2|           1|           2|
    |xor_ln733_fu_3691_p2               |    xor   |      0|  0|   2|           1|           2|
    |xor_ln737_1_fu_3710_p2             |    xor   |      0|  0|   1|           1|           1|
    |xor_ln737_fu_3767_p2               |    xor   |      0|  0|   2|           1|           2|
    +-----------------------------------+----------+-------+---+----+------------+------------+
    |Total                              |          |      0|  0|1689|         567|        1480|
    +-----------------------------------+----------+-------+---+----+------------+------------+

    * Multiplexer: 
    +--------------------------------------------------+----+-----------+-----+-----------+
    |                       Name                       | LUT| Input Size| Bits| Total Bits|
    +--------------------------------------------------+----+-----------+-----+-----------+
    |ap_NS_fsm                                         |   4|          8|    1|          8|
    |ap_phi_mux_core_dctoEx_we_0_phi_fu_890_p10        |   3|          3|    1|          3|
    |ap_phi_mux_dctoEx_temp_predBran_1_phi_fu_775_p4   |   3|          3|    1|          3|
    |ap_phi_mux_dctoEx_temp_predBran_2_phi_fu_785_p10  |   3|          3|    1|          3|
    |ap_phi_mux_phi_ln742_1_phi_fu_840_p10             |   3|          3|   32|         96|
    |ap_phi_mux_phi_ln742_2_phi_fu_855_p10             |   4|          6|   32|        192|
    |ap_phi_mux_phi_ln742_3_phi_fu_871_p10             |   3|          3|    1|          3|
    |ap_phi_mux_phi_ln742_phi_fu_825_p10               |   3|          3|   32|         96|
    |ap_phi_mux_write_flag11_0_phi_fu_805_p10          |   3|          3|    1|          3|
    |ap_phi_mux_write_flag87_0_phi_fu_905_p4           |   3|          3|    1|          3|
    |ap_return_0                                       |   3|          2|   32|         64|
    |ap_return_1                                       |   3|          2|   32|         64|
    |ap_return_10                                      |   3|          2|   32|         64|
    |ap_return_11                                      |   3|          2|   32|         64|
    |ap_return_12                                      |   3|          2|   32|         64|
    |ap_return_13                                      |   3|          2|    1|          2|
    |ap_return_14                                      |   3|          2|    1|          2|
    |ap_return_15                                      |   3|          2|    1|          2|
    |ap_return_16                                      |   3|          2|    1|          2|
    |ap_return_17                                      |   3|          2|    1|          2|
    |ap_return_18                                      |   3|          2|    1|          2|
    |ap_return_19                                      |   3|          2|    5|         10|
    |ap_return_2                                       |   3|          2|   32|         64|
    |ap_return_20                                      |   3|          2|    5|         10|
    |ap_return_21                                      |   3|          2|    5|         10|
    |ap_return_22                                      |   3|          2|    5|         10|
    |ap_return_23                                      |   3|          2|    1|          2|
    |ap_return_24                                      |   3|          2|   32|         64|
    |ap_return_25                                      |   3|          2|   32|         64|
    |ap_return_26                                      |   3|          2|   32|         64|
    |ap_return_27                                      |   3|          2|    5|         10|
    |ap_return_28                                      |   3|          2|    1|          2|
    |ap_return_29                                      |   3|          2|    1|          2|
    |ap_return_3                                       |   3|          2|    1|          2|
    |ap_return_30                                      |   3|          2|    7|         14|
    |ap_return_31                                      |   3|          2|    3|          6|
    |ap_return_32                                      |   3|          2|   32|         64|
    |ap_return_33                                      |   3|          2|   32|         64|
    |ap_return_34                                      |   3|          2|    1|          2|
    |ap_return_35                                      |   3|          2|    1|          2|
    |ap_return_36                                      |   3|          2|    1|          2|
    |ap_return_37                                      |   3|          2|   32|         64|
    |ap_return_38                                      |   3|          2|    5|         10|
    |ap_return_39                                      |   3|          2|    1|          2|
    |ap_return_4                                       |   3|          2|   32|         64|
    |ap_return_40                                      |   3|          2|   32|         64|
    |ap_return_41                                      |   3|          2|   32|         64|
    |ap_return_42                                      |   3|          2|    4|          8|
    |ap_return_43                                      |   3|          2|    1|          2|
    |ap_return_44                                      |   3|          2|    1|          2|
    |ap_return_45                                      |   3|          2|    1|          2|
    |ap_return_46                                      |   3|          2|   64|        128|
    |ap_return_47                                      |   3|          2|   32|         64|
    |ap_return_48                                      |   3|          2|   32|         64|
    |ap_return_49                                      |   3|          2|   32|         64|
    |ap_return_5                                       |   3|          2|   32|         64|
    |ap_return_6                                       |   3|          2|    7|         14|
    |ap_return_7                                       |   3|          2|    7|         14|
    |ap_return_8                                       |   3|          2|    3|          6|
    |ap_return_9                                       |   3|          2|   32|         64|
    |core_bp_table_V_0_co_o                            |   3|          2|    2|          4|
    |core_bp_table_V_1_co_o                            |   3|          2|    2|          4|
    |core_bp_table_V_2_co_o                            |   3|          2|    2|          4|
    |core_bp_table_V_3_co_o                            |   3|          2|    2|          4|
    |core_dataMemory_memory_V_address0                 |   4|          5|   15|         75|
    |core_dataMemory_memory_V_address1                 |   4|          5|   15|         75|
    |core_dataMemory_memory_V_d0                       |   3|          3|    8|         24|
    |core_dataMemory_memory_V_d1                       |   3|          3|    8|         24|
    |core_regFile_V_address0                           |   3|          3|    5|         15|
    |core_regFile_V_ce0                                |   3|          3|    1|          3|
    |core_regFile_V_ce1                                |   3|          2|    1|          2|
    |core_stallSignals_0_s_reg_641                     |   3|          2|    1|          2|
    |forwardRegisters_for_4_reg_725                    |   3|          2|    1|          2|
    |memtoWB_temp_result_s_reg_761                     |   3|          2|   32|         64|
    |phi_ln691_reg_677                                 |   3|          2|    1|          2|
    |phi_ln693_1_reg_749                               |   3|          2|    1|          2|
    |phi_ln693_reg_713                                 |   3|          2|    1|          2|
    |phi_ln698_reg_665                                 |   3|          2|    1|          2|
    |phi_ln700_1_reg_737                               |   3|          2|    1|          2|
    |phi_ln700_reg_701                                 |   3|          2|    1|          2|
    |phi_ln705_reg_653                                 |   3|          2|    1|          2|
    |phi_ln707_reg_689                                 |   3|          2|    1|          2|
    +--------------------------------------------------+----+-----------+-----+-----------+
    |Total                                             | 250|        192|  988|       2292|
    +--------------------------------------------------+----+-----------+-----+-----------+

    * Register: 
    +---------------------------------+----+----+-----+-----------+
    |               Name              | FF | LUT| Bits| Const Bits|
    +---------------------------------+----+----+-----+-----------+
    |ap_CS_fsm                        |   7|   0|    7|          0|
    |ap_return_0_preg                 |  32|   0|   32|          0|
    |ap_return_10_preg                |  32|   0|   32|          0|
    |ap_return_11_preg                |  32|   0|   32|          0|
    |ap_return_12_preg                |  32|   0|   32|          0|
    |ap_return_13_preg                |   1|   0|    1|          0|
    |ap_return_14_preg                |   1|   0|    1|          0|
    |ap_return_15_preg                |   1|   0|    1|          0|
    |ap_return_16_preg                |   1|   0|    1|          0|
    |ap_return_17_preg                |   1|   0|    1|          0|
    |ap_return_18_preg                |   1|   0|    1|          0|
    |ap_return_19_preg                |   5|   0|    5|          0|
    |ap_return_1_preg                 |  32|   0|   32|          0|
    |ap_return_20_preg                |   5|   0|    5|          0|
    |ap_return_21_preg                |   5|   0|    5|          0|
    |ap_return_22_preg                |   5|   0|    5|          0|
    |ap_return_23_preg                |   1|   0|    1|          0|
    |ap_return_24_preg                |  32|   0|   32|          0|
    |ap_return_25_preg                |  32|   0|   32|          0|
    |ap_return_26_preg                |  32|   0|   32|          0|
    |ap_return_27_preg                |   5|   0|    5|          0|
    |ap_return_28_preg                |   1|   0|    1|          0|
    |ap_return_29_preg                |   1|   0|    1|          0|
    |ap_return_2_preg                 |  32|   0|   32|          0|
    |ap_return_30_preg                |   7|   0|    7|          0|
    |ap_return_31_preg                |   3|   0|    3|          0|
    |ap_return_32_preg                |  32|   0|   32|          0|
    |ap_return_33_preg                |  32|   0|   32|          0|
    |ap_return_34_preg                |   1|   0|    1|          0|
    |ap_return_35_preg                |   1|   0|    1|          0|
    |ap_return_36_preg                |   1|   0|    1|          0|
    |ap_return_37_preg                |  32|   0|   32|          0|
    |ap_return_38_preg                |   5|   0|    5|          0|
    |ap_return_39_preg                |   1|   0|    1|          0|
    |ap_return_3_preg                 |   1|   0|    1|          0|
    |ap_return_40_preg                |  32|   0|   32|          0|
    |ap_return_41_preg                |  32|   0|   32|          0|
    |ap_return_42_preg                |   4|   0|    4|          0|
    |ap_return_43_preg                |   1|   0|    1|          0|
    |ap_return_44_preg                |   1|   0|    1|          0|
    |ap_return_45_preg                |   1|   0|    1|          0|
    |ap_return_46_preg                |  64|   0|   64|          0|
    |ap_return_47_preg                |  32|   0|   32|          0|
    |ap_return_48_preg                |  32|   0|   32|          0|
    |ap_return_49_preg                |  32|   0|   32|          0|
    |ap_return_4_preg                 |  32|   0|   32|          0|
    |ap_return_5_preg                 |  32|   0|   32|          0|
    |ap_return_6_preg                 |   7|   0|    7|          0|
    |ap_return_7_preg                 |   7|   0|    7|          0|
    |ap_return_8_preg                 |   3|   0|    3|          0|
    |ap_return_9_preg                 |  32|   0|   32|          0|
    |byte2_V_2_reg_5033               |   8|   0|    8|          0|
    |byte2_V_reg_5010                 |   8|   0|    8|          0|
    |byte3_V_2_reg_5038               |   8|   0|    8|          0|
    |byte3_V_reg_5015                 |   8|   0|    8|          0|
    |core_dataMemory_memo_1_reg_5020  |  11|   0|   15|          4|
    |core_dataMemory_memo_2_reg_5025  |  11|   0|   15|          4|
    |core_stallSignals_0_s_reg_641    |   1|   0|    1|          0|
    |dctoEx_temp_datac_V_reg_4749     |  32|   0|   32|          0|
    |dctoEx_temp_funct3_V_reg_4732    |   3|   0|    3|          0|
    |dctoEx_temp_funct7_V_reg_4727    |   7|   0|    7|          0|
    |dctoEx_temp_instruct_reg_4715    |  32|   0|   32|          0|
    |dctoEx_temp_isBranch_reg_4761    |   1|   0|    1|          0|
    |dctoEx_temp_lhs_V_reg_4737       |  32|   0|   32|          0|
    |dctoEx_temp_nextPCDC_reg_4755    |  32|   0|   32|          0|
    |dctoEx_temp_opCode_V_reg_4721    |   7|   0|    7|          0|
    |dctoEx_temp_pc_V_reg_4708        |  32|   0|   32|          0|
    |dctoEx_temp_rd_V_reg_4820        |   5|   0|    5|          0|
    |dctoEx_temp_rhs_V_reg_4743       |  32|   0|   32|          0|
    |dctoEx_temp_rs1_V_reg_4796       |   5|   0|    5|          0|
    |dctoEx_temp_rs2_V_reg_4804       |   5|   0|    5|          0|
    |dctoEx_temp_rs3_V_reg_4812       |   5|   0|    5|          0|
    |dctoEx_temp_useRd_reg_4791       |   1|   0|    1|          0|
    |dctoEx_temp_useRs1_reg_4767      |   1|   0|    1|          0|
    |dctoEx_temp_useRs2_reg_4775      |   1|   0|    1|          0|
    |dctoEx_temp_useRs3_reg_4783      |   1|   0|    1|          0|
    |dctoEx_temp_we_reg_4825          |   1|   0|    1|          0|
    |extoMem_temp_datac_V_reg_4889    |  32|   0|   32|          0|
    |extoMem_temp_funct3_s_reg_4884   |   3|   0|    3|          0|
    |extoMem_temp_instruc_reg_4840    |  32|   0|   32|          0|
    |extoMem_temp_isBranc_reg_4901    |   1|   0|    1|          0|
    |extoMem_temp_isLongI_reg_4869    |   1|   0|    1|          0|
    |extoMem_temp_nextPC_s_reg_4894   |  32|   0|   32|          0|
    |extoMem_temp_opCode_s_reg_4878   |   7|   0|    7|          0|
    |extoMem_temp_pc_V_reg_4834       |  32|   0|   32|          0|
    |extoMem_temp_predBra_reg_4908    |   1|   0|    1|          0|
    |extoMem_temp_rd_V_reg_4853       |   5|   0|    5|          0|
    |extoMem_temp_result_s_reg_4845   |  32|   0|   32|          0|
    |extoMem_temp_useRd_reg_4861      |   1|   0|    1|          0|
    |extoMem_temp_we_reg_4914         |   1|   0|    1|          0|
    |forwardRegisters_for_4_reg_725   |   1|   0|    1|          0|
    |ftoDC_temp_nextPCFet_reg_4702    |  32|   0|   32|          0|
    |grp_decode_fu_943_ap_start_reg   |   1|   0|    1|          0|
    |grp_execute_fu_913_ap_start_reg  |   1|   0|    1|          0|
    |icmp_ln641_reg_5006              |   1|   0|    1|          0|
    |memtoWB_temp_address_reg_4929    |  32|   0|   32|          0|
    |memtoWB_temp_byteEna_reg_4953    |   4|   0|    4|          0|
    |memtoWB_temp_isLoad_reg_4923     |   1|   0|    1|          0|
    |memtoWB_temp_isStore_reg_4938    |   1|   0|    1|          0|
    |memtoWB_temp_result_s_reg_761    |  32|   0|   32|          0|
    |p_Val2_s_reg_4944                |  32|   0|   32|          0|
    |phi_ln691_reg_677                |   1|   0|    1|          0|
    |phi_ln693_1_reg_749              |   1|   0|    1|          0|
    |phi_ln693_reg_713                |   1|   0|    1|          0|
    |phi_ln698_reg_665                |   1|   0|    1|          0|
    |phi_ln700_1_reg_737              |   1|   0|    1|          0|
    |phi_ln700_reg_701                |   1|   0|    1|          0|
    |phi_ln705_reg_653                |   1|   0|    1|          0|
    |phi_ln707_reg_689                |   1|   0|    1|          0|
    |r_V_s_reg_4990                   |  11|   0|   11|          0|
    |tmp_V_reg_4697                   |  32|   0|   32|          0|
    |wbOut_temp_rd_V_reg_4966         |   5|   0|    5|          0|
    |wbOut_temp_useRd_reg_4958        |   1|   0|    1|          0|
    |xor_ln562_reg_4979               |   1|   0|    1|          0|
    |xor_ln634_reg_4974               |   1|   0|    1|          0|
    +---------------------------------+----+----+-----+-----------+
    |Total                            |1456|   0| 1464|          8|
    +---------------------------------+----+----+-----+-----------+



================================================================
== Interface
================================================================
* Summary: 
+-----------------------------------+-----+-----+------------+---------------------------+--------------+
|             RTL Ports             | Dir | Bits|  Protocol  |       Source Object       |    C Type    |
+-----------------------------------+-----+-----+------------+---------------------------+--------------+
|ap_clk                             |  in |    1| ap_ctrl_hs |          doCycle          | return value |
|ap_rst                             |  in |    1| ap_ctrl_hs |          doCycle          | return value |
|ap_start                           |  in |    1| ap_ctrl_hs |          doCycle          | return value |
|ap_done                            | out |    1| ap_ctrl_hs |          doCycle          | return value |
|ap_idle                            | out |    1| ap_ctrl_hs |          doCycle          | return value |
|ap_ready                           | out |    1| ap_ctrl_hs |          doCycle          | return value |
|ap_return_0                        | out |   32| ap_ctrl_hs |          doCycle          | return value |
|ap_return_1                        | out |   32| ap_ctrl_hs |          doCycle          | return value |
|ap_return_2                        | out |   32| ap_ctrl_hs |          doCycle          | return value |
|ap_return_3                        | out |    1| ap_ctrl_hs |          doCycle          | return value |
|ap_return_4                        | out |   32| ap_ctrl_hs |          doCycle          | return value |
|ap_return_5                        | out |   32| ap_ctrl_hs |          doCycle          | return value |
|ap_return_6                        | out |    7| ap_ctrl_hs |          doCycle          | return value |
|ap_return_7                        | out |    7| ap_ctrl_hs |          doCycle          | return value |
|ap_return_8                        | out |    3| ap_ctrl_hs |          doCycle          | return value |
|ap_return_9                        | out |   32| ap_ctrl_hs |          doCycle          | return value |
|ap_return_10                       | out |   32| ap_ctrl_hs |          doCycle          | return value |
|ap_return_11                       | out |   32| ap_ctrl_hs |          doCycle          | return value |
|ap_return_12                       | out |   32| ap_ctrl_hs |          doCycle          | return value |
|ap_return_13                       | out |    1| ap_ctrl_hs |          doCycle          | return value |
|ap_return_14                       | out |    1| ap_ctrl_hs |          doCycle          | return value |
|ap_return_15                       | out |    1| ap_ctrl_hs |          doCycle          | return value |
|ap_return_16                       | out |    1| ap_ctrl_hs |          doCycle          | return value |
|ap_return_17                       | out |    1| ap_ctrl_hs |          doCycle          | return value |
|ap_return_18                       | out |    1| ap_ctrl_hs |          doCycle          | return value |
|ap_return_19                       | out |    5| ap_ctrl_hs |          doCycle          | return value |
|ap_return_20                       | out |    5| ap_ctrl_hs |          doCycle          | return value |
|ap_return_21                       | out |    5| ap_ctrl_hs |          doCycle          | return value |
|ap_return_22                       | out |    5| ap_ctrl_hs |          doCycle          | return value |
|ap_return_23                       | out |    1| ap_ctrl_hs |          doCycle          | return value |
|ap_return_24                       | out |   32| ap_ctrl_hs |          doCycle          | return value |
|ap_return_25                       | out |   32| ap_ctrl_hs |          doCycle          | return value |
|ap_return_26                       | out |   32| ap_ctrl_hs |          doCycle          | return value |
|ap_return_27                       | out |    5| ap_ctrl_hs |          doCycle          | return value |
|ap_return_28                       | out |    1| ap_ctrl_hs |          doCycle          | return value |
|ap_return_29                       | out |    1| ap_ctrl_hs |          doCycle          | return value |
|ap_return_30                       | out |    7| ap_ctrl_hs |          doCycle          | return value |
|ap_return_31                       | out |    3| ap_ctrl_hs |          doCycle          | return value |
|ap_return_32                       | out |   32| ap_ctrl_hs |          doCycle          | return value |
|ap_return_33                       | out |   32| ap_ctrl_hs |          doCycle          | return value |
|ap_return_34                       | out |    1| ap_ctrl_hs |          doCycle          | return value |
|ap_return_35                       | out |    1| ap_ctrl_hs |          doCycle          | return value |
|ap_return_36                       | out |    1| ap_ctrl_hs |          doCycle          | return value |
|ap_return_37                       | out |   32| ap_ctrl_hs |          doCycle          | return value |
|ap_return_38                       | out |    5| ap_ctrl_hs |          doCycle          | return value |
|ap_return_39                       | out |    1| ap_ctrl_hs |          doCycle          | return value |
|ap_return_40                       | out |   32| ap_ctrl_hs |          doCycle          | return value |
|ap_return_41                       | out |   32| ap_ctrl_hs |          doCycle          | return value |
|ap_return_42                       | out |    4| ap_ctrl_hs |          doCycle          | return value |
|ap_return_43                       | out |    1| ap_ctrl_hs |          doCycle          | return value |
|ap_return_44                       | out |    1| ap_ctrl_hs |          doCycle          | return value |
|ap_return_45                       | out |    1| ap_ctrl_hs |          doCycle          | return value |
|ap_return_46                       | out |   64| ap_ctrl_hs |          doCycle          | return value |
|ap_return_47                       | out |   32| ap_ctrl_hs |          doCycle          | return value |
|ap_return_48                       | out |   32| ap_ctrl_hs |          doCycle          | return value |
|ap_return_49                       | out |   32| ap_ctrl_hs |          doCycle          | return value |
|core_ftoDC_pc_V_read               |  in |   32|   ap_none  |    core_ftoDC_pc_V_read   |    scalar    |
|core_ftoDC_instructi               |  in |   32|   ap_none  |    core_ftoDC_instructi   |    scalar    |
|core_ftoDC_nextPCFet               |  in |   32|   ap_none  |    core_ftoDC_nextPCFet   |    scalar    |
|core_ftoDC_we_read                 |  in |    1|   ap_none  |     core_ftoDC_we_read    |    scalar    |
|core_dctoEx_pc_V_rea               |  in |   32|   ap_none  |    core_dctoEx_pc_V_rea   |    scalar    |
|core_dctoEx_instruct               |  in |   32|   ap_none  |    core_dctoEx_instruct   |    scalar    |
|core_dctoEx_opCode_V_read          |  in |    7|   ap_none  | core_dctoEx_opCode_V_read |    scalar    |
|core_dctoEx_funct7_V_read          |  in |    7|   ap_none  | core_dctoEx_funct7_V_read |    scalar    |
|core_dctoEx_funct3_V_read          |  in |    3|   ap_none  | core_dctoEx_funct3_V_read |    scalar    |
|core_dctoEx_lhs_V_re               |  in |   32|   ap_none  |    core_dctoEx_lhs_V_re   |    scalar    |
|core_dctoEx_rhs_V_re               |  in |   32|   ap_none  |    core_dctoEx_rhs_V_re   |    scalar    |
|core_dctoEx_datac_V_s              |  in |   32|   ap_none  |   core_dctoEx_datac_V_s   |    scalar    |
|core_dctoEx_nextPCDC               |  in |   32|   ap_none  |    core_dctoEx_nextPCDC   |    scalar    |
|core_dctoEx_isBranch               |  in |    1|   ap_none  |    core_dctoEx_isBranch   |    scalar    |
|core_dctoEx_predBran               |  in |    1|   ap_none  |    core_dctoEx_predBran   |    scalar    |
|core_dctoEx_useRs1_r               |  in |    1|   ap_none  |    core_dctoEx_useRs1_r   |    scalar    |
|core_dctoEx_useRs2_r               |  in |    1|   ap_none  |    core_dctoEx_useRs2_r   |    scalar    |
|core_dctoEx_useRs3_r               |  in |    1|   ap_none  |    core_dctoEx_useRs3_r   |    scalar    |
|core_dctoEx_useRd_re               |  in |    1|   ap_none  |    core_dctoEx_useRd_re   |    scalar    |
|core_dctoEx_rs1_V_re               |  in |    5|   ap_none  |    core_dctoEx_rs1_V_re   |    scalar    |
|core_dctoEx_rs2_V_re               |  in |    5|   ap_none  |    core_dctoEx_rs2_V_re   |    scalar    |
|core_dctoEx_rs3_V_re               |  in |    5|   ap_none  |    core_dctoEx_rs3_V_re   |    scalar    |
|core_dctoEx_rd_V_rea               |  in |    5|   ap_none  |    core_dctoEx_rd_V_rea   |    scalar    |
|core_dctoEx_we_read                |  in |    1|   ap_none  |    core_dctoEx_we_read    |    scalar    |
|core_extoMem_pc_V_re               |  in |   32|   ap_none  |    core_extoMem_pc_V_re   |    scalar    |
|core_extoMem_instruc               |  in |   32|   ap_none  |    core_extoMem_instruc   |    scalar    |
|core_extoMem_result_s              |  in |   32|   ap_none  |   core_extoMem_result_s   |    scalar    |
|core_extoMem_rd_V_re               |  in |    5|   ap_none  |    core_extoMem_rd_V_re   |    scalar    |
|core_extoMem_useRd_r               |  in |    1|   ap_none  |    core_extoMem_useRd_r   |    scalar    |
|core_extoMem_isLongI               |  in |    1|   ap_none  |    core_extoMem_isLongI   |    scalar    |
|core_extoMem_opCode_s              |  in |    7|   ap_none  |   core_extoMem_opCode_s   |    scalar    |
|core_extoMem_funct3_s              |  in |    3|   ap_none  |   core_extoMem_funct3_s   |    scalar    |
|core_extoMem_datac_V_read          |  in |   32|   ap_none  | core_extoMem_datac_V_read |    scalar    |
|core_extoMem_nextPC_s              |  in |   32|   ap_none  |   core_extoMem_nextPC_s   |    scalar    |
|core_extoMem_isBranc               |  in |    1|   ap_none  |    core_extoMem_isBranc   |    scalar    |
|core_extoMem_predBra               |  in |    1|   ap_none  |    core_extoMem_predBra   |    scalar    |
|core_extoMem_we_read               |  in |    1|   ap_none  |    core_extoMem_we_read   |    scalar    |
|core_memtoWB_result_s              |  in |   32|   ap_none  |   core_memtoWB_result_s   |    scalar    |
|core_memtoWB_rd_V_re               |  in |    5|   ap_none  |    core_memtoWB_rd_V_re   |    scalar    |
|core_memtoWB_useRd_r               |  in |    1|   ap_none  |    core_memtoWB_useRd_r   |    scalar    |
|core_memtoWB_address               |  in |   32|   ap_none  |    core_memtoWB_address   |    scalar    |
|core_memtoWB_valueTo               |  in |   32|   ap_none  |    core_memtoWB_valueTo   |    scalar    |
|core_memtoWB_byteEna               |  in |    4|   ap_none  |    core_memtoWB_byteEna   |    scalar    |
|core_memtoWB_isStore               |  in |    1|   ap_none  |    core_memtoWB_isStore   |    scalar    |
|core_memtoWB_isLoad_s              |  in |    1|   ap_none  |   core_memtoWB_isLoad_s   |    scalar    |
|core_memtoWB_we_read               |  in |    1|   ap_none  |    core_memtoWB_we_read   |    scalar    |
|core_dataMemory_memory_V_address0  | out |   15|  ap_memory |  core_dataMemory_memory_V |     array    |
|core_dataMemory_memory_V_ce0       | out |    1|  ap_memory |  core_dataMemory_memory_V |     array    |
|core_dataMemory_memory_V_we0       | out |    1|  ap_memory |  core_dataMemory_memory_V |     array    |
|core_dataMemory_memory_V_d0        | out |    8|  ap_memory |  core_dataMemory_memory_V |     array    |
|core_dataMemory_memory_V_q0        |  in |    8|  ap_memory |  core_dataMemory_memory_V |     array    |
|core_dataMemory_memory_V_address1  | out |   15|  ap_memory |  core_dataMemory_memory_V |     array    |
|core_dataMemory_memory_V_ce1       | out |    1|  ap_memory |  core_dataMemory_memory_V |     array    |
|core_dataMemory_memory_V_we1       | out |    1|  ap_memory |  core_dataMemory_memory_V |     array    |
|core_dataMemory_memory_V_d1        | out |    8|  ap_memory |  core_dataMemory_memory_V |     array    |
|core_dataMemory_memory_V_q1        |  in |    8|  ap_memory |  core_dataMemory_memory_V |     array    |
|core_im_V_address0                 | out |   13|  ap_memory |         core_im_V         |     array    |
|core_im_V_ce0                      | out |    1|  ap_memory |         core_im_V         |     array    |
|core_im_V_q0                       |  in |   32|  ap_memory |         core_im_V         |     array    |
|core_bp_processCount               |  in |   32|   ap_none  |    core_bp_processCount   |    scalar    |
|core_bp_front_read                 |  in |   32|   ap_none  |     core_bp_front_read    |    scalar    |
|core_regFile_V_address0            | out |    5|  ap_memory |       core_regFile_V      |     array    |
|core_regFile_V_ce0                 | out |    1|  ap_memory |       core_regFile_V      |     array    |
|core_regFile_V_we0                 | out |    1|  ap_memory |       core_regFile_V      |     array    |
|core_regFile_V_d0                  | out |   32|  ap_memory |       core_regFile_V      |     array    |
|core_regFile_V_q0                  |  in |   32|  ap_memory |       core_regFile_V      |     array    |
|core_regFile_V_address1            | out |    5|  ap_memory |       core_regFile_V      |     array    |
|core_regFile_V_ce1                 | out |    1|  ap_memory |       core_regFile_V      |     array    |
|core_regFile_V_q1                  |  in |   32|  ap_memory |       core_regFile_V      |     array    |
|core_pc_V_read                     |  in |   32|   ap_none  |       core_pc_V_read      |    scalar    |
|core_cycle_read                    |  in |   64|   ap_none  |      core_cycle_read      |    scalar    |
|globalStall                        |  in |    1|   ap_none  |        globalStall        |    scalar    |
|core_bp_table_V_3_co_i             |  in |    2|   ap_ovld  |    core_bp_table_V_3_co   |    pointer   |
|core_bp_table_V_3_co_o             | out |    2|   ap_ovld  |    core_bp_table_V_3_co   |    pointer   |
|core_bp_table_V_3_co_o_ap_vld      | out |    1|   ap_ovld  |    core_bp_table_V_3_co   |    pointer   |
|core_bp_table_V_0_co_i             |  in |    2|   ap_ovld  |    core_bp_table_V_0_co   |    pointer   |
|core_bp_table_V_0_co_o             | out |    2|   ap_ovld  |    core_bp_table_V_0_co   |    pointer   |
|core_bp_table_V_0_co_o_ap_vld      | out |    1|   ap_ovld  |    core_bp_table_V_0_co   |    pointer   |
|core_bp_table_V_1_co_i             |  in |    2|   ap_ovld  |    core_bp_table_V_1_co   |    pointer   |
|core_bp_table_V_1_co_o             | out |    2|   ap_ovld  |    core_bp_table_V_1_co   |    pointer   |
|core_bp_table_V_1_co_o_ap_vld      | out |    1|   ap_ovld  |    core_bp_table_V_1_co   |    pointer   |
|core_bp_table_V_2_co_i             |  in |    2|   ap_ovld  |    core_bp_table_V_2_co   |    pointer   |
|core_bp_table_V_2_co_o             | out |    2|   ap_ovld  |    core_bp_table_V_2_co   |    pointer   |
|core_bp_table_V_2_co_o_ap_vld      | out |    1|   ap_ovld  |    core_bp_table_V_2_co   |    pointer   |
+-----------------------------------+-----+-----+------------+---------------------------+--------------+

