

================================================================
== Vivado HLS Report for 'doCycle'
================================================================
* Date:           Tue Jun 29 14:33:44 2021

* Version:        2019.2 (Build 2704478 on Wed Nov 06 22:10:23 MST 2019)
* Project:        doCore
* Solution:       solution
* Product family: zynq
* Target device:  xc7z010-clg400-2


================================================================
== Performance Estimates
================================================================
+ Timing: 
    * Summary: 
    +--------+---------+----------+------------+
    |  Clock |  Target | Estimated| Uncertainty|
    +--------+---------+----------+------------+
    |ap_clk  | 8.50 ns | 6.931 ns |   1.06 ns  |
    +--------+---------+----------+------------+

+ Latency: 
    * Summary: 
    +---------+---------+-----------+-----------+-----+-----+---------+
    |  Latency (cycles) |   Latency (absolute)  |  Interval | Pipeline|
    |   min   |   max   |    min    |    max    | min | max |   Type  |
    +---------+---------+-----------+-----------+-----+-----+---------+
    |        6|        7| 51.000 ns | 59.500 ns |    6|    7|   none  |
    +---------+---------+-----------+-----------+-----+-----+---------+

    + Detail: 
        * Instance: 
        +--------------------+---------+---------+---------+----------+----------+-----+-----+---------+
        |                    |         |  Latency (cycles) |  Latency (absolute) |  Interval | Pipeline|
        |      Instance      |  Module |   min   |   max   |    min   |    max   | min | max |   Type  |
        +--------------------+---------+---------+---------+----------+----------+-----+-----+---------+
        |grp_execute_fu_798  |execute  |        1|        1| 8.500 ns | 8.500 ns |    1|    1|   none  |
        |grp_decode_fu_828   |decode   |        1|        1| 8.500 ns | 8.500 ns |    1|    1|   none  |
        +--------------------+---------+---------+---------+----------+----------+-----+-----+---------+

        * Loop: 
        N/A



================================================================
== Utilization Estimates
================================================================
* Summary: 
+-----------------+---------+-------+-------+-------+-----+
|       Name      | BRAM_18K| DSP48E|   FF  |  LUT  | URAM|
+-----------------+---------+-------+-------+-------+-----+
|DSP              |        -|      -|      -|      -|    -|
|Expression       |        -|      -|      0|   2079|    -|
|FIFO             |        -|      -|      -|      -|    -|
|Instance         |        -|      -|    614|   5059|    -|
|Memory           |        -|      -|      -|      -|    -|
|Multiplexer      |        -|      -|      -|    217|    -|
|Register         |        -|      -|   1638|      -|    -|
+-----------------+---------+-------+-------+-------+-----+
|Total            |        0|      0|   2252|   7355|    0|
+-----------------+---------+-------+-------+-------+-----+
|Available        |      120|     80|  35200|  17600|    0|
+-----------------+---------+-------+-------+-------+-----+
|Utilization (%)  |        0|      0|      6|     41|    0|
+-----------------+---------+-------+-------+-------+-----+

+ Detail: 
    * Instance: 
    +--------------------------+----------------------+---------+-------+-----+------+-----+
    |         Instance         |        Module        | BRAM_18K| DSP48E|  FF |  LUT | URAM|
    +--------------------------+----------------------+---------+-------+-----+------+-----+
    |grp_decode_fu_828         |decode                |        0|      0|  334|   544|    0|
    |doCore_mux_1287_1bkb_U18  |doCore_mux_1287_1bkb  |        0|      0|    0|   673|    0|
    |doCore_mux_1287_1bkb_U20  |doCore_mux_1287_1bkb  |        0|      0|    0|   673|    0|
    |doCore_mux_1287_3cud_U19  |doCore_mux_1287_3cud  |        0|      0|    0|   673|    0|
    |doCore_mux_1287_3cud_U21  |doCore_mux_1287_3cud  |        0|      0|    0|   673|    0|
    |doCore_mux_1287_4dEe_U22  |doCore_mux_1287_4dEe  |        0|      0|    0|   673|    0|
    |grp_execute_fu_798        |execute               |        0|      0|  280|  1150|    0|
    +--------------------------+----------------------+---------+-------+-----+------+-----+
    |Total                     |                      |        0|      0|  614|  5059|    0|
    +--------------------------+----------------------+---------+-------+-----+------+-----+

    * DSP48E: 
    N/A

    * Memory: 
    N/A

    * FIFO: 
    N/A

    * Expression: 
    +-----------------------------------+----------+-------+---+----+------------+------------+
    |           Variable Name           | Operation| DSP48E| FF| LUT| Bitwidth P0| Bitwidth P1|
    +-----------------------------------+----------+-------+---+----+------------+------------+
    |add_ln180_fu_2856_p2               |     +    |      0|  0|  14|          14|          14|
    |add_ln35_fu_2821_p2                |     +    |      0|  0|   4|           2|           3|
    |add_ln56_fu_3675_p2                |     +    |      0|  0|  32|          32|           2|
    |add_ln700_fu_3616_p2               |     +    |      0|  0|   3|           2|           2|
    |add_ln741_fu_3774_p2               |     +    |      0|  0|  64|          64|           1|
    |ftoDC_temp_nextPCFet_fu_869_p2     |     +    |      0|  0|  32|          32|           3|
    |ret_V_fu_2846_p2                   |     +    |      0|  0|   4|           3|           1|
    |sub_ln701_fu_3600_p2               |     -    |      0|  0|   3|           2|           2|
    |and_ln480_fu_2344_p2               |    and   |      0|  0|   1|           1|           1|
    |and_ln505_1_fu_3758_p2             |    and   |      0|  0|   1|           1|           1|
    |and_ln505_2_fu_3769_p2             |    and   |      0|  0|   1|           1|           1|
    |and_ln505_fu_3764_p2               |    and   |      0|  0|   1|           1|           1|
    |and_ln507_1_fu_2419_p2             |    and   |      0|  0|   1|           1|           1|
    |and_ln507_fu_2409_p2               |    and   |      0|  0|   1|           1|           1|
    |and_ln508_1_fu_2480_p2             |    and   |      0|  0|   1|           1|           1|
    |and_ln508_fu_2470_p2               |    and   |      0|  0|   1|           1|           1|
    |and_ln515_1_fu_2381_p2             |    and   |      0|  0|   1|           1|           1|
    |and_ln515_2_fu_2392_p2             |    and   |      0|  0|   1|           1|           1|
    |and_ln515_3_fu_2397_p2             |    and   |      0|  0|   1|           1|           1|
    |and_ln515_fu_2368_p2               |    and   |      0|  0|   1|           1|           1|
    |and_ln530_1_fu_2442_p2             |    and   |      0|  0|   1|           1|           1|
    |and_ln530_2_fu_2453_p2             |    and   |      0|  0|   1|           1|           1|
    |and_ln530_3_fu_2458_p2             |    and   |      0|  0|   1|           1|           1|
    |and_ln530_fu_2429_p2               |    and   |      0|  0|   1|           1|           1|
    |and_ln544_1_fu_2503_p2             |    and   |      0|  0|   1|           1|           1|
    |and_ln544_2_fu_2520_p2             |    and   |      0|  0|   1|           1|           1|
    |and_ln544_3_fu_2532_p2             |    and   |      0|  0|   1|           1|           1|
    |and_ln544_4_fu_2537_p2             |    and   |      0|  0|   1|           1|           1|
    |and_ln544_6_fu_2555_p2             |    and   |      0|  0|   1|           1|           1|
    |and_ln544_7_fu_2565_p2             |    and   |      0|  0|   1|           1|           1|
    |and_ln544_fu_2490_p2               |    and   |      0|  0|   1|           1|           1|
    |and_ln55_1_fu_3702_p2              |    and   |      0|  0|   1|           1|           1|
    |and_ln55_fu_3697_p2                |    and   |      0|  0|   1|           1|           1|
    |and_ln634_fu_2665_p2               |    and   |      0|  0|   1|           1|           1|
    |and_ln654_fu_2970_p2               |    and   |      0|  0|   1|           1|           1|
    |and_ln686_1_fu_3137_p2             |    and   |      0|  0|   1|           1|           1|
    |and_ln686_fu_3131_p2               |    and   |      0|  0|   1|           1|           1|
    |and_ln691_fu_3182_p2               |    and   |      0|  0|   1|           1|           1|
    |and_ln693_1_fu_3194_p2             |    and   |      0|  0|   1|           1|           1|
    |and_ln693_fu_3153_p2               |    and   |      0|  0|   1|           1|           1|
    |and_ln698_fu_3243_p2               |    and   |      0|  0|   1|           1|           1|
    |and_ln700_1_fu_3255_p2             |    and   |      0|  0|   1|           1|           1|
    |and_ln700_fu_3214_p2               |    and   |      0|  0|   1|           1|           1|
    |and_ln705_1_fu_3338_p2             |    and   |      0|  0|   1|           1|           1|
    |and_ln705_2_fu_3344_p2             |    and   |      0|  0|   1|           1|           1|
    |and_ln705_3_fu_3349_p2             |    and   |      0|  0|   1|           1|           1|
    |and_ln705_fu_3285_p2               |    and   |      0|  0|   1|           1|           1|
    |and_ln707_1_fu_3303_p2             |    and   |      0|  0|   1|           1|           1|
    |and_ln707_fu_3297_p2               |    and   |      0|  0|   1|           1|           1|
    |core_dctoEx_isBranch_1_fu_3555_p2  |    and   |      0|  0|   1|           1|           1|
    |core_dctoEx_useRd_1_fu_3560_p2     |    and   |      0|  0|   1|           1|           1|
    |forwardRegisters_for_1_fu_2463_p2  |    and   |      0|  0|   1|           1|           1|
    |forwardRegisters_for_2_fu_2542_p2  |    and   |      0|  0|   1|           1|           1|
    |forwardRegisters_for_3_fu_2571_p2  |    and   |      0|  0|   1|           1|           1|
    |forwardRegisters_for_fu_2402_p2    |    and   |      0|  0|   1|           1|           1|
    |or_ln713_fu_3519_p2                |    and   |      0|  0|   1|           1|           1|
    |sel_tmp48_fu_3314_p2               |    and   |      0|  0|   1|           1|           1|
    |tmp230_fu_3308_p2                  |    and   |      0|  0|   1|           1|           1|
    |wbOut_temp_useRd_fu_2350_p2        |    and   |      0|  0|   1|           1|           1|
    |grp_fu_849_p2                      |   icmp   |      0|  0|   2|           3|           2|
    |icmp_ln35_fu_2836_p2               |   icmp   |      0|  0|   1|           2|           1|
    |icmp_ln55_fu_3658_p2               |   icmp   |      0|  0|  12|          32|           1|
    |icmp_ln57_1_fu_2876_p2             |   icmp   |      0|  0|   2|           2|           3|
    |icmp_ln57_2_fu_2882_p2             |   icmp   |      0|  0|   1|           2|           1|
    |icmp_ln57_fu_2870_p2               |   icmp   |      0|  0|   1|           2|           2|
    |icmp_ln640_fu_2686_p2              |   icmp   |      0|  0|   2|           2|           3|
    |icmp_ln653_fu_2692_p2              |   icmp   |      0|  0|   1|           2|           1|
    |icmp_ln654_1_fu_2959_p2            |   icmp   |      0|  0|   2|           3|           1|
    |icmp_ln654_2_fu_2976_p2            |   icmp   |      0|  0|   2|           3|           3|
    |icmp_ln654_3_fu_2987_p2            |   icmp   |      0|  0|   2|           3|           1|
    |icmp_ln654_fu_2954_p2              |   icmp   |      0|  0|   2|           3|           4|
    |icmp_ln686_fu_3126_p2              |   icmp   |      0|  0|   3|           7|           6|
    |icmp_ln723_fu_3565_p2              |   icmp   |      0|  0|   3|           7|           6|
    |icmp_ln879_1_fu_2373_p2            |   icmp   |      0|  0|   2|           5|           5|
    |icmp_ln879_2_fu_2377_p2            |   icmp   |      0|  0|   2|           5|           5|
    |icmp_ln879_3_fu_2425_p2            |   icmp   |      0|  0|   2|           5|           5|
    |icmp_ln879_4_fu_2434_p2            |   icmp   |      0|  0|   2|           5|           5|
    |icmp_ln879_5_fu_2438_p2            |   icmp   |      0|  0|   2|           5|           5|
    |icmp_ln879_6_fu_2486_p2            |   icmp   |      0|  0|   2|           5|           5|
    |icmp_ln879_7_fu_2495_p2            |   icmp   |      0|  0|   2|           5|           5|
    |icmp_ln879_8_fu_2499_p2            |   icmp   |      0|  0|   2|           5|           5|
    |icmp_ln879_fu_2364_p2              |   icmp   |      0|  0|   2|           5|           5|
    |icmp_ln883_1_fu_3590_p2            |   icmp   |      0|  0|   1|           2|           1|
    |icmp_ln883_2_fu_3606_p2            |   icmp   |      0|  0|   1|           2|           2|
    |icmp_ln883_fu_2312_p2              |   icmp   |      0|  0|   2|           5|           1|
    |and_ln713_fu_3550_p2               |    or    |      0|  0|   1|           1|           1|
    |ap_block_state2_on_subcall_done    |    or    |      0|  0|   1|           1|           1|
    |localStall_fu_3096_p2              |    or    |      0|  0|   1|           1|           1|
    |or_ln180_1_fu_2806_p2              |    or    |      0|  0|  13|          13|           2|
    |or_ln180_fu_2791_p2                |    or    |      0|  0|  13|          13|           2|
    |or_ln480_fu_2324_p2                |    or    |      0|  0|   1|           1|           1|
    |or_ln544_1_fu_2514_p2              |    or    |      0|  0|   1|           1|           1|
    |or_ln544_fu_2508_p2                |    or    |      0|  0|   1|           1|           1|
    |or_ln55_fu_2706_p2                 |    or    |      0|  0|  13|          13|           2|
    |or_ln56_fu_2721_p2                 |    or    |      0|  0|  13|          13|           2|
    |or_ln57_fu_2888_p2                 |    or    |      0|  0|   1|           1|           1|
    |or_ln624_1_fu_2596_p2              |    or    |      0|  0|   1|           1|           1|
    |or_ln624_2_fu_2608_p2              |    or    |      0|  0|   1|           1|           1|
    |or_ln624_3_fu_2620_p2              |    or    |      0|  0|   1|           1|           1|
    |or_ln624_4_fu_2633_p2              |    or    |      0|  0|   1|           1|           1|
    |or_ln624_fu_2584_p2                |    or    |      0|  0|   1|           1|           1|
    |or_ln634_fu_2645_p2                |    or    |      0|  0|   1|           1|           1|
    |or_ln654_1_fu_2992_p2              |    or    |      0|  0|   1|           1|           1|
    |or_ln654_2_fu_3004_p2              |    or    |      0|  0|   1|           1|           1|
    |or_ln654_3_fu_2998_p2              |    or    |      0|  0|   1|           1|           1|
    |or_ln654_fu_2981_p2                |    or    |      0|  0|   1|           1|           1|
    |or_ln680_1_fu_3107_p2              |    or    |      0|  0|   1|           1|           1|
    |or_ln691_fu_3147_p2                |    or    |      0|  0|   1|           1|           1|
    |or_ln693_fu_3158_p2                |    or    |      0|  0|   1|           1|           1|
    |or_ln698_fu_3208_p2                |    or    |      0|  0|   1|           1|           1|
    |or_ln700_fu_3219_p2                |    or    |      0|  0|   1|           1|           1|
    |or_ln705_1_fu_3446_p2              |    or    |      0|  0|   1|           1|           1|
    |or_ln705_2_fu_3459_p2              |    or    |      0|  0|   1|           1|           1|
    |or_ln705_3_fu_3473_p2              |    or    |      0|  0|   1|           1|           1|
    |or_ln705_fu_3269_p2                |    or    |      0|  0|   1|           1|           1|
    |or_ln707_fu_3275_p2                |    or    |      0|  0|   1|           1|           1|
    |or_ln723_fu_3570_p2                |    or    |      0|  0|   1|           1|           1|
    |or_ln733_fu_3641_p2                |    or    |      0|  0|   1|           1|           1|
    |or_ln737_1_fu_3714_p2              |    or    |      0|  0|   1|           1|           1|
    |or_ln737_2_fu_3650_p2              |    or    |      0|  0|   1|           1|           1|
    |or_ln737_fu_3685_p2                |    or    |      0|  0|   1|           1|           1|
    |result_V_fu_3010_p2                |    or    |      0|  0|   1|           1|           1|
    |sel_tmp44_fu_3326_p2               |    or    |      0|  0|   1|           1|           1|
    |tmp231_fu_3320_p2                  |    or    |      0|  0|   1|           1|           1|
    |write_flag11_1_fu_3524_p2          |    or    |      0|  0|   1|           1|           1|
    |core_bp_table_V_d0                 |  select  |      0|  0|   2|           1|           2|
    |core_dctoEx_instruct_1_fu_3537_p3  |  select  |      0|  0|  32|           1|          32|
    |core_dctoEx_pc_V_1_fu_3530_p3      |  select  |      0|  0|  32|           1|          32|
    |opType_fu_2679_p3                  |  select  |      0|  0|   2|           1|           1|
    |p_Val2_1_fu_3016_p3                |  select  |      0|  0|   2|           1|           2|
    |phitmp_fu_2653_p3                  |  select  |      0|  0|   3|           1|           3|
    |result_V_6_fu_3048_p3              |  select  |      0|  0|  32|           1|          32|
    |result_V_7_fu_3074_p3              |  select  |      0|  0|  32|           1|          32|
    |sel_tmp109_fu_3431_p3              |  select  |      0|  0|  32|           1|          32|
    |sel_tmp79_fu_3370_p3               |  select  |      0|  0|  32|           1|          32|
    |sel_tmp94_fu_3401_p3               |  select  |      0|  0|  32|           1|          32|
    |select_ln480_fu_2330_p3            |  select  |      0|  0|   5|           1|           5|
    |select_ln501_fu_3663_p3            |  select  |      0|  0|  32|           1|          32|
    |select_ln55_1_fu_3739_p3           |  select  |      0|  0|  32|           1|          32|
    |select_ln55_2_fu_3746_p3           |  select  |      0|  0|  32|           1|          32|
    |select_ln55_fu_3732_p3             |  select  |      0|  0|  32|           1|          32|
    |select_ln57_1_fu_2902_p3           |  select  |      0|  0|   3|           1|           1|
    |select_ln57_2_fu_2910_p3           |  select  |      0|  0|   2|           1|           2|
    |select_ln57_3_fu_2928_p3           |  select  |      0|  0|   2|           1|           1|
    |select_ln57_4_fu_2936_p3           |  select  |      0|  0|   2|           1|           2|
    |select_ln57_fu_2894_p3             |  select  |      0|  0|   2|           1|           2|
    |select_ln634_fu_2671_p3            |  select  |      0|  0|   2|           1|           2|
    |select_ln680_fu_3719_p3            |  select  |      0|  0|  32|           1|          32|
    |select_ln684_1_fu_3386_p3          |  select  |      0|  0|  32|           1|          32|
    |select_ln684_2_fu_3417_p3          |  select  |      0|  0|  32|           1|          32|
    |select_ln684_fu_3355_p3            |  select  |      0|  0|  32|           1|          32|
    |select_ln691_fu_3187_p3            |  select  |      0|  0|  32|           1|          32|
    |select_ln693_1_fu_3200_p3          |  select  |      0|  0|  32|           1|          32|
    |select_ln693_fu_3164_p3            |  select  |      0|  0|  32|           1|          32|
    |select_ln695_fu_3171_p3            |  select  |      0|  0|  32|           1|          32|
    |select_ln698_fu_3248_p3            |  select  |      0|  0|  32|           1|          32|
    |select_ln700_1_fu_3261_p3          |  select  |      0|  0|  32|           1|          32|
    |select_ln700_fu_3225_p3            |  select  |      0|  0|  32|           1|          32|
    |select_ln702_fu_3232_p3            |  select  |      0|  0|  32|           1|          32|
    |select_ln705_1_fu_3409_p3          |  select  |      0|  0|  32|           1|          32|
    |select_ln705_2_fu_3439_p3          |  select  |      0|  0|  32|           1|          32|
    |select_ln705_3_fu_3452_p3          |  select  |      0|  0|   2|           1|           1|
    |select_ln705_4_fu_3465_p3          |  select  |      0|  0|   2|           1|           1|
    |select_ln705_5_fu_3479_p3          |  select  |      0|  0|   2|           1|           1|
    |select_ln705_6_fu_3487_p3          |  select  |      0|  0|   2|           1|           1|
    |select_ln705_7_fu_3493_p3          |  select  |      0|  0|   2|           1|           1|
    |select_ln705_8_fu_3500_p3          |  select  |      0|  0|   2|           1|           1|
    |select_ln705_fu_3378_p3            |  select  |      0|  0|  32|           1|          32|
    |select_ln707_1_fu_3393_p3          |  select  |      0|  0|  32|           1|          32|
    |select_ln707_2_fu_3423_p3          |  select  |      0|  0|  32|           1|          32|
    |select_ln707_fu_3362_p3            |  select  |      0|  0|  32|           1|          32|
    |select_ln709_fu_3280_p3            |  select  |      0|  0|  32|           1|          32|
    |select_ln713_1_fu_3513_p3          |  select  |      0|  0|  32|           1|          32|
    |select_ln713_fu_3507_p3            |  select  |      0|  0|  32|           1|          32|
    |select_ln729_fu_3630_p3            |  select  |      0|  0|  32|           1|          32|
    |select_ln737_1_fu_3724_p3          |  select  |      0|  0|  32|           1|          32|
    |select_ln737_fu_3690_p3            |  select  |      0|  0|   2|           1|           1|
    |select_ln742_10_fu_3829_p3         |  select  |      0|  0|   2|           1|           1|
    |select_ln742_11_fu_3834_p3         |  select  |      0|  0|   2|           1|           1|
    |select_ln742_12_fu_3839_p3         |  select  |      0|  0|   2|           1|           1|
    |select_ln742_13_fu_3844_p3         |  select  |      0|  0|   2|           1|           1|
    |select_ln742_14_fu_3849_p3         |  select  |      0|  0|   5|           1|           5|
    |select_ln742_15_fu_3854_p3         |  select  |      0|  0|   5|           1|           5|
    |select_ln742_16_fu_3859_p3         |  select  |      0|  0|   5|           1|           5|
    |select_ln742_17_fu_3864_p3         |  select  |      0|  0|   5|           1|           5|
    |select_ln742_18_fu_3869_p3         |  select  |      0|  0|  32|           1|          32|
    |select_ln742_19_fu_3875_p3         |  select  |      0|  0|  32|           1|          32|
    |select_ln742_1_fu_3784_p3          |  select  |      0|  0|  32|           1|          32|
    |select_ln742_20_fu_3881_p3         |  select  |      0|  0|  32|           1|          32|
    |select_ln742_21_fu_3887_p3         |  select  |      0|  0|   5|           1|           5|
    |select_ln742_22_fu_3893_p3         |  select  |      0|  0|   2|           1|           1|
    |select_ln742_23_fu_3899_p3         |  select  |      0|  0|   2|           1|           1|
    |select_ln742_24_fu_3905_p3         |  select  |      0|  0|   7|           1|           7|
    |select_ln742_25_fu_3911_p3         |  select  |      0|  0|   3|           1|           3|
    |select_ln742_26_fu_3917_p3         |  select  |      0|  0|  32|           1|          32|
    |select_ln742_27_fu_3923_p3         |  select  |      0|  0|  32|           1|          32|
    |select_ln742_28_fu_3929_p3         |  select  |      0|  0|   2|           1|           1|
    |select_ln742_29_fu_3935_p3         |  select  |      0|  0|   2|           1|           1|
    |select_ln742_2_fu_3789_p3          |  select  |      0|  0|  32|           1|          32|
    |select_ln742_30_fu_3941_p3         |  select  |      0|  0|   2|           1|           1|
    |select_ln742_31_fu_3947_p3         |  select  |      0|  0|   5|           1|           5|
    |select_ln742_32_fu_3952_p3         |  select  |      0|  0|   2|           1|           1|
    |select_ln742_33_fu_3957_p3         |  select  |      0|  0|  32|           1|          32|
    |select_ln742_34_fu_3962_p3         |  select  |      0|  0|  32|           1|          32|
    |select_ln742_35_fu_3967_p3         |  select  |      0|  0|   4|           1|           4|
    |select_ln742_36_fu_3972_p3         |  select  |      0|  0|   2|           1|           1|
    |select_ln742_37_fu_3977_p3         |  select  |      0|  0|   2|           1|           1|
    |select_ln742_38_fu_3982_p3         |  select  |      0|  0|   2|           1|           1|
    |select_ln742_3_fu_3794_p3          |  select  |      0|  0|  32|           1|          32|
    |select_ln742_4_fu_3799_p3          |  select  |      0|  0|  32|           1|          32|
    |select_ln742_5_fu_3804_p3          |  select  |      0|  0|   7|           1|           7|
    |select_ln742_6_fu_3809_p3          |  select  |      0|  0|   7|           1|           7|
    |select_ln742_7_fu_3814_p3          |  select  |      0|  0|   3|           1|           3|
    |select_ln742_8_fu_3819_p3          |  select  |      0|  0|  32|           1|          32|
    |select_ln742_9_fu_3824_p3          |  select  |      0|  0|   2|           1|           1|
    |select_ln742_fu_3779_p3            |  select  |      0|  0|  32|           1|          32|
    |wbOut_temp_rd_V_fu_2356_p3         |  select  |      0|  0|   5|           1|           1|
    |dctoEx_temp_predBran_fu_3120_p2    |    xor   |      0|  0|   2|           1|           2|
    |not_core_stallSignal_fu_3544_p2    |    xor   |      0|  0|   2|           1|           2|
    |xor_ln480_1_fu_2338_p2             |    xor   |      0|  0|   2|           1|           2|
    |xor_ln480_fu_2318_p2               |    xor   |      0|  0|   2|           1|           2|
    |xor_ln501_fu_3669_p2               |    xor   |      0|  0|   2|           1|           2|
    |xor_ln505_fu_3753_p2               |    xor   |      0|  0|   1|           1|           1|
    |xor_ln507_fu_2414_p2               |    xor   |      0|  0|   1|           1|           1|
    |xor_ln508_fu_2475_p2               |    xor   |      0|  0|   1|           1|           1|
    |xor_ln515_fu_2386_p2               |    xor   |      0|  0|   2|           2|           1|
    |xor_ln530_fu_2447_p2               |    xor   |      0|  0|   2|           2|           1|
    |xor_ln544_1_fu_2560_p2             |    xor   |      0|  0|   1|           1|           1|
    |xor_ln544_fu_2526_p2               |    xor   |      0|  0|   2|           2|           1|
    |xor_ln551_fu_2548_p2               |    xor   |      0|  0|   2|           1|           2|
    |xor_ln562_fu_2660_p2               |    xor   |      0|  0|   2|           1|           2|
    |xor_ln57_fu_3680_p2                |    xor   |      0|  0|  32|          32|           1|
    |xor_ln624_1_fu_2578_p2             |    xor   |      0|  0|   2|           2|           1|
    |xor_ln624_2_fu_2602_p2             |    xor   |      0|  0|   2|           2|           1|
    |xor_ln624_3_fu_2614_p2             |    xor   |      0|  0|   2|           2|           1|
    |xor_ln624_4_fu_2627_p2             |    xor   |      0|  0|   2|           2|           1|
    |xor_ln624_fu_2590_p2               |    xor   |      0|  0|   2|           2|           1|
    |xor_ln634_fu_2640_p2               |    xor   |      0|  0|   2|           1|           2|
    |xor_ln654_fu_2964_p2               |    xor   |      0|  0|   2|           1|           2|
    |xor_ln680_fu_3101_p2               |    xor   |      0|  0|   2|           1|           2|
    |xor_ln691_1_fu_3176_p2             |    xor   |      0|  0|   2|           1|           2|
    |xor_ln691_fu_3142_p2               |    xor   |      0|  0|   2|           1|           2|
    |xor_ln698_fu_3237_p2               |    xor   |      0|  0|   2|           1|           2|
    |xor_ln705_fu_3332_p2               |    xor   |      0|  0|   2|           1|           2|
    |xor_ln707_fu_3291_p2               |    xor   |      0|  0|   2|           1|           2|
    |xor_ln733_fu_3636_p2               |    xor   |      0|  0|   2|           1|           2|
    |xor_ln737_1_fu_3654_p2             |    xor   |      0|  0|   1|           1|           1|
    |xor_ln737_fu_3708_p2               |    xor   |      0|  0|   2|           1|           2|
    +-----------------------------------+----------+-------+---+----+------------+------------+
    |Total                              |          |      0|  0|2079|         579|        1865|
    +-----------------------------------+----------+-------+---+----+------------+------------+

    * Multiplexer: 
    +-----------------------------------------+----+-----------+-----+-----------+
    |                   Name                  | LUT| Input Size| Bits| Total Bits|
    +-----------------------------------------+----+-----------+-----+-----------+
    |ap_NS_fsm                                |   5|          9|    1|          9|
    |ap_phi_mux_write_flag87_0_phi_fu_790_p4  |   3|          2|    1|          2|
    |ap_return_0                              |   3|          2|   32|         64|
    |ap_return_1                              |   3|          2|   32|         64|
    |ap_return_10                             |   3|          2|   32|         64|
    |ap_return_11                             |   3|          2|   32|         64|
    |ap_return_12                             |   3|          2|   32|         64|
    |ap_return_13                             |   3|          2|    1|          2|
    |ap_return_14                             |   3|          2|    1|          2|
    |ap_return_15                             |   3|          2|    1|          2|
    |ap_return_16                             |   3|          2|    1|          2|
    |ap_return_17                             |   3|          2|    1|          2|
    |ap_return_18                             |   3|          2|    1|          2|
    |ap_return_19                             |   3|          2|    5|         10|
    |ap_return_2                              |   3|          2|   32|         64|
    |ap_return_20                             |   3|          2|    5|         10|
    |ap_return_21                             |   3|          2|    5|         10|
    |ap_return_22                             |   3|          2|    5|         10|
    |ap_return_23                             |   3|          2|    1|          2|
    |ap_return_24                             |   3|          2|   32|         64|
    |ap_return_25                             |   3|          2|   32|         64|
    |ap_return_26                             |   3|          2|   32|         64|
    |ap_return_27                             |   3|          2|    5|         10|
    |ap_return_28                             |   3|          2|    1|          2|
    |ap_return_29                             |   3|          2|    1|          2|
    |ap_return_3                              |   3|          2|    1|          2|
    |ap_return_30                             |   3|          2|    7|         14|
    |ap_return_31                             |   3|          2|    3|          6|
    |ap_return_32                             |   3|          2|   32|         64|
    |ap_return_33                             |   3|          2|   32|         64|
    |ap_return_34                             |   3|          2|    1|          2|
    |ap_return_35                             |   3|          2|    1|          2|
    |ap_return_36                             |   3|          2|    1|          2|
    |ap_return_37                             |   3|          2|   32|         64|
    |ap_return_38                             |   3|          2|    5|         10|
    |ap_return_39                             |   3|          2|    1|          2|
    |ap_return_4                              |   3|          2|   32|         64|
    |ap_return_40                             |   3|          2|   32|         64|
    |ap_return_41                             |   3|          2|   32|         64|
    |ap_return_42                             |   3|          2|    4|          8|
    |ap_return_43                             |   3|          2|    1|          2|
    |ap_return_44                             |   3|          2|    1|          2|
    |ap_return_45                             |   3|          2|    1|          2|
    |ap_return_46                             |   3|          2|   64|        128|
    |ap_return_47                             |   3|          2|   32|         64|
    |ap_return_48                             |   3|          2|   32|         64|
    |ap_return_49                             |   3|          2|   32|         64|
    |ap_return_5                              |   3|          2|   32|         64|
    |ap_return_6                              |   3|          2|    7|         14|
    |ap_return_7                              |   3|          2|    7|         14|
    |ap_return_8                              |   3|          2|    3|          6|
    |ap_return_9                              |   3|          2|   32|         64|
    |core_bp_table_V_address0                 |   3|          4|    6|         24|
    |core_dataMemory_memory_V_address0        |   4|          5|   15|         75|
    |core_dataMemory_memory_V_address1        |   4|          5|   15|         75|
    |core_dataMemory_memory_V_d0              |   3|          3|    8|         24|
    |core_dataMemory_memory_V_d1              |   3|          3|    8|         24|
    |core_regFile_V_address0                  |   3|          3|    5|         15|
    |core_regFile_V_ce0                       |   3|          3|    1|          3|
    |core_regFile_V_ce1                       |   3|          2|    1|          2|
    |core_stallSignals_0_s_reg_654            |   3|          2|    1|          2|
    |forwardRegisters_for_4_reg_738           |   3|          2|    1|          2|
    |memtoWB_temp_result_s_reg_774            |   3|          2|   32|         64|
    |phi_ln691_reg_690                        |   3|          2|    1|          2|
    |phi_ln693_1_reg_762                      |   3|          2|    1|          2|
    |phi_ln693_reg_726                        |   3|          2|    1|          2|
    |phi_ln698_reg_678                        |   3|          2|    1|          2|
    |phi_ln700_1_reg_750                      |   3|          2|    1|          2|
    |phi_ln700_reg_714                        |   3|          2|    1|          2|
    |phi_ln705_reg_666                        |   3|          2|    1|          2|
    |phi_ln707_reg_702                        |   3|          2|    1|          2|
    +-----------------------------------------+----+-----------+-----+-----------+
    |Total                                    | 217|        161|  885|       1901|
    +-----------------------------------------+----+-----------+-----+-----------+

    * Register: 
    +---------------------------------+----+----+-----+-----------+
    |               Name              | FF | LUT| Bits| Const Bits|
    +---------------------------------+----+----+-----+-----------+
    |and_ln705_3_reg_5011             |   1|   0|    1|          0|
    |and_ln713_reg_5059               |   1|   0|    1|          0|
    |ap_CS_fsm                        |   8|   0|    8|          0|
    |ap_return_0_preg                 |  32|   0|   32|          0|
    |ap_return_10_preg                |  32|   0|   32|          0|
    |ap_return_11_preg                |  32|   0|   32|          0|
    |ap_return_12_preg                |  32|   0|   32|          0|
    |ap_return_13_preg                |   1|   0|    1|          0|
    |ap_return_14_preg                |   1|   0|    1|          0|
    |ap_return_15_preg                |   1|   0|    1|          0|
    |ap_return_16_preg                |   1|   0|    1|          0|
    |ap_return_17_preg                |   1|   0|    1|          0|
    |ap_return_18_preg                |   1|   0|    1|          0|
    |ap_return_19_preg                |   5|   0|    5|          0|
    |ap_return_1_preg                 |  32|   0|   32|          0|
    |ap_return_20_preg                |   5|   0|    5|          0|
    |ap_return_21_preg                |   5|   0|    5|          0|
    |ap_return_22_preg                |   5|   0|    5|          0|
    |ap_return_23_preg                |   1|   0|    1|          0|
    |ap_return_24_preg                |  32|   0|   32|          0|
    |ap_return_25_preg                |  32|   0|   32|          0|
    |ap_return_26_preg                |  32|   0|   32|          0|
    |ap_return_27_preg                |   5|   0|    5|          0|
    |ap_return_28_preg                |   1|   0|    1|          0|
    |ap_return_29_preg                |   1|   0|    1|          0|
    |ap_return_2_preg                 |  32|   0|   32|          0|
    |ap_return_30_preg                |   7|   0|    7|          0|
    |ap_return_31_preg                |   3|   0|    3|          0|
    |ap_return_32_preg                |  32|   0|   32|          0|
    |ap_return_33_preg                |  32|   0|   32|          0|
    |ap_return_34_preg                |   1|   0|    1|          0|
    |ap_return_35_preg                |   1|   0|    1|          0|
    |ap_return_36_preg                |   1|   0|    1|          0|
    |ap_return_37_preg                |  32|   0|   32|          0|
    |ap_return_38_preg                |   5|   0|    5|          0|
    |ap_return_39_preg                |   1|   0|    1|          0|
    |ap_return_3_preg                 |   1|   0|    1|          0|
    |ap_return_40_preg                |  32|   0|   32|          0|
    |ap_return_41_preg                |  32|   0|   32|          0|
    |ap_return_42_preg                |   4|   0|    4|          0|
    |ap_return_43_preg                |   1|   0|    1|          0|
    |ap_return_44_preg                |   1|   0|    1|          0|
    |ap_return_45_preg                |   1|   0|    1|          0|
    |ap_return_46_preg                |  64|   0|   64|          0|
    |ap_return_47_preg                |  32|   0|   32|          0|
    |ap_return_48_preg                |  32|   0|   32|          0|
    |ap_return_49_preg                |  32|   0|   32|          0|
    |ap_return_4_preg                 |  32|   0|   32|          0|
    |ap_return_5_preg                 |  32|   0|   32|          0|
    |ap_return_6_preg                 |   7|   0|    7|          0|
    |ap_return_7_preg                 |   7|   0|    7|          0|
    |ap_return_8_preg                 |   3|   0|    3|          0|
    |ap_return_9_preg                 |  32|   0|   32|          0|
    |byte2_V_2_reg_4945               |   8|   0|    8|          0|
    |byte2_V_reg_4922                 |   8|   0|    8|          0|
    |byte3_V_2_reg_4950               |   8|   0|    8|          0|
    |byte3_V_reg_4927                 |   8|   0|    8|          0|
    |core_bp_table_V_addr_1_reg_5078  |   6|   0|    6|          0|
    |core_dataMemory_memo_1_reg_4932  |  11|   0|   15|          4|
    |core_dataMemory_memo_2_reg_4937  |  11|   0|   15|          4|
    |core_dctoEx_instruct_1_reg_5054  |  32|   0|   32|          0|
    |core_dctoEx_isBranch_1_reg_5064  |   1|   0|    1|          0|
    |core_dctoEx_pc_V_1_reg_5049      |  32|   0|   32|          0|
    |core_dctoEx_useRd_1_reg_5069     |   1|   0|    1|          0|
    |core_stallSignals_0_s_reg_654    |   1|   0|    1|          0|
    |dctoEx_temp_datac_V_reg_4660     |  32|   0|   32|          0|
    |dctoEx_temp_funct3_V_reg_4643    |   3|   0|    3|          0|
    |dctoEx_temp_funct7_V_reg_4638    |   7|   0|    7|          0|
    |dctoEx_temp_instruct_reg_4626    |  32|   0|   32|          0|
    |dctoEx_temp_isBranch_reg_4672    |   1|   0|    1|          0|
    |dctoEx_temp_lhs_V_reg_4648       |  32|   0|   32|          0|
    |dctoEx_temp_nextPCDC_reg_4666    |  32|   0|   32|          0|
    |dctoEx_temp_opCode_V_reg_4632    |   7|   0|    7|          0|
    |dctoEx_temp_pc_V_reg_4619        |  32|   0|   32|          0|
    |dctoEx_temp_rd_V_reg_4731        |   5|   0|    5|          0|
    |dctoEx_temp_rhs_V_reg_4654       |  32|   0|   32|          0|
    |dctoEx_temp_rs1_V_reg_4707       |   5|   0|    5|          0|
    |dctoEx_temp_rs2_V_reg_4715       |   5|   0|    5|          0|
    |dctoEx_temp_rs3_V_reg_4723       |   5|   0|    5|          0|
    |dctoEx_temp_useRd_reg_4702       |   1|   0|    1|          0|
    |dctoEx_temp_useRs1_reg_4678      |   1|   0|    1|          0|
    |dctoEx_temp_useRs2_reg_4686      |   1|   0|    1|          0|
    |dctoEx_temp_useRs3_reg_4694      |   1|   0|    1|          0|
    |dctoEx_temp_we_reg_4736          |   1|   0|    1|          0|
    |extoMem_temp_datac_V_reg_4799    |  32|   0|   32|          0|
    |extoMem_temp_funct3_s_reg_4794   |   3|   0|    3|          0|
    |extoMem_temp_instruc_reg_4750    |  32|   0|   32|          0|
    |extoMem_temp_isBranc_reg_4811    |   1|   0|    1|          0|
    |extoMem_temp_isLongI_reg_4779    |   1|   0|    1|          0|
    |extoMem_temp_nextPC_s_reg_4804   |  32|   0|   32|          0|
    |extoMem_temp_opCode_s_reg_4788   |   7|   0|    7|          0|
    |extoMem_temp_pc_V_reg_4744       |  32|   0|   32|          0|
    |extoMem_temp_predBra_reg_4818    |   1|   0|    1|          0|
    |extoMem_temp_rd_V_reg_4763       |   5|   0|    5|          0|
    |extoMem_temp_result_s_reg_4755   |  32|   0|   32|          0|
    |extoMem_temp_useRd_reg_4771      |   1|   0|    1|          0|
    |extoMem_temp_we_reg_4824         |   1|   0|    1|          0|
    |forwardRegisters_for_4_reg_738   |   1|   0|    1|          0|
    |ftoDC_temp_nextPCFet_reg_4613    |  32|   0|   32|          0|
    |grp_decode_fu_828_ap_start_reg   |   1|   0|    1|          0|
    |grp_execute_fu_798_ap_start_reg  |   1|   0|    1|          0|
    |icmp_ln640_reg_4894              |   1|   0|    1|          0|
    |icmp_ln641_reg_4918              |   1|   0|    1|          0|
    |icmp_ln653_reg_4898              |   1|   0|    1|          0|
    |localStall_reg_4975              |   1|   0|    1|          0|
    |memtoWB_temp_address_reg_4839    |  32|   0|   32|          0|
    |memtoWB_temp_byteEna_reg_4863    |   4|   0|    4|          0|
    |memtoWB_temp_isLoad_reg_4833     |   1|   0|    1|          0|
    |memtoWB_temp_isStore_reg_4848    |   1|   0|    1|          0|
    |memtoWB_temp_result_s_reg_774    |  32|   0|   32|          0|
    |or_ln680_1_reg_4991              |   1|   0|    1|          0|
    |or_ln723_reg_5074                |   1|   0|    1|          0|
    |p_Val2_s_reg_4854                |  32|   0|   32|          0|
    |phi_ln691_reg_690                |   1|   0|    1|          0|
    |phi_ln693_1_reg_762              |   1|   0|    1|          0|
    |phi_ln693_reg_726                |   1|   0|    1|          0|
    |phi_ln698_reg_678                |   1|   0|    1|          0|
    |phi_ln700_1_reg_750              |   1|   0|    1|          0|
    |phi_ln700_reg_714                |   1|   0|    1|          0|
    |phi_ln705_reg_666                |   1|   0|    1|          0|
    |phi_ln707_reg_702                |   1|   0|    1|          0|
    |r_V_s_reg_4902                   |  11|   0|   11|          0|
    |sel_tmp44_reg_4996               |   1|   0|    1|          0|
    |select_ln705_1_reg_5021          |  32|   0|   32|          0|
    |select_ln705_2_reg_5026          |  32|   0|   32|          0|
    |select_ln705_5_reg_5031          |   1|   0|    1|          0|
    |select_ln705_8_reg_5036          |   1|   0|    1|          0|
    |select_ln705_reg_5016            |  32|   0|   32|          0|
    |tmp_V_reg_4608                   |  32|   0|   32|          0|
    |wbOut_temp_rd_V_reg_4876         |   5|   0|    5|          0|
    |wbOut_temp_useRd_reg_4868        |   1|   0|    1|          0|
    |write_flag11_1_reg_5041          |   1|   0|    1|          0|
    |write_flag87_0_reg_786           |   1|   0|    1|          0|
    |xor_ln562_reg_4889               |   1|   0|    1|          0|
    |xor_ln634_reg_4884               |   1|   0|    1|          0|
    |xor_ln680_reg_4986               |   1|   0|    1|          0|
    +---------------------------------+----+----+-----+-----------+
    |Total                            |1638|   0| 1646|          8|
    +---------------------------------+----+----+-----+-----------+



================================================================
== Interface
================================================================
* Summary: 
+-----------------------------------+-----+-----+------------+---------------------------+--------------+
|             RTL Ports             | Dir | Bits|  Protocol  |       Source Object       |    C Type    |
+-----------------------------------+-----+-----+------------+---------------------------+--------------+
|ap_clk                             |  in |    1| ap_ctrl_hs |          doCycle          | return value |
|ap_rst                             |  in |    1| ap_ctrl_hs |          doCycle          | return value |
|ap_start                           |  in |    1| ap_ctrl_hs |          doCycle          | return value |
|ap_done                            | out |    1| ap_ctrl_hs |          doCycle          | return value |
|ap_idle                            | out |    1| ap_ctrl_hs |          doCycle          | return value |
|ap_ready                           | out |    1| ap_ctrl_hs |          doCycle          | return value |
|ap_return_0                        | out |   32| ap_ctrl_hs |          doCycle          | return value |
|ap_return_1                        | out |   32| ap_ctrl_hs |          doCycle          | return value |
|ap_return_2                        | out |   32| ap_ctrl_hs |          doCycle          | return value |
|ap_return_3                        | out |    1| ap_ctrl_hs |          doCycle          | return value |
|ap_return_4                        | out |   32| ap_ctrl_hs |          doCycle          | return value |
|ap_return_5                        | out |   32| ap_ctrl_hs |          doCycle          | return value |
|ap_return_6                        | out |    7| ap_ctrl_hs |          doCycle          | return value |
|ap_return_7                        | out |    7| ap_ctrl_hs |          doCycle          | return value |
|ap_return_8                        | out |    3| ap_ctrl_hs |          doCycle          | return value |
|ap_return_9                        | out |   32| ap_ctrl_hs |          doCycle          | return value |
|ap_return_10                       | out |   32| ap_ctrl_hs |          doCycle          | return value |
|ap_return_11                       | out |   32| ap_ctrl_hs |          doCycle          | return value |
|ap_return_12                       | out |   32| ap_ctrl_hs |          doCycle          | return value |
|ap_return_13                       | out |    1| ap_ctrl_hs |          doCycle          | return value |
|ap_return_14                       | out |    1| ap_ctrl_hs |          doCycle          | return value |
|ap_return_15                       | out |    1| ap_ctrl_hs |          doCycle          | return value |
|ap_return_16                       | out |    1| ap_ctrl_hs |          doCycle          | return value |
|ap_return_17                       | out |    1| ap_ctrl_hs |          doCycle          | return value |
|ap_return_18                       | out |    1| ap_ctrl_hs |          doCycle          | return value |
|ap_return_19                       | out |    5| ap_ctrl_hs |          doCycle          | return value |
|ap_return_20                       | out |    5| ap_ctrl_hs |          doCycle          | return value |
|ap_return_21                       | out |    5| ap_ctrl_hs |          doCycle          | return value |
|ap_return_22                       | out |    5| ap_ctrl_hs |          doCycle          | return value |
|ap_return_23                       | out |    1| ap_ctrl_hs |          doCycle          | return value |
|ap_return_24                       | out |   32| ap_ctrl_hs |          doCycle          | return value |
|ap_return_25                       | out |   32| ap_ctrl_hs |          doCycle          | return value |
|ap_return_26                       | out |   32| ap_ctrl_hs |          doCycle          | return value |
|ap_return_27                       | out |    5| ap_ctrl_hs |          doCycle          | return value |
|ap_return_28                       | out |    1| ap_ctrl_hs |          doCycle          | return value |
|ap_return_29                       | out |    1| ap_ctrl_hs |          doCycle          | return value |
|ap_return_30                       | out |    7| ap_ctrl_hs |          doCycle          | return value |
|ap_return_31                       | out |    3| ap_ctrl_hs |          doCycle          | return value |
|ap_return_32                       | out |   32| ap_ctrl_hs |          doCycle          | return value |
|ap_return_33                       | out |   32| ap_ctrl_hs |          doCycle          | return value |
|ap_return_34                       | out |    1| ap_ctrl_hs |          doCycle          | return value |
|ap_return_35                       | out |    1| ap_ctrl_hs |          doCycle          | return value |
|ap_return_36                       | out |    1| ap_ctrl_hs |          doCycle          | return value |
|ap_return_37                       | out |   32| ap_ctrl_hs |          doCycle          | return value |
|ap_return_38                       | out |    5| ap_ctrl_hs |          doCycle          | return value |
|ap_return_39                       | out |    1| ap_ctrl_hs |          doCycle          | return value |
|ap_return_40                       | out |   32| ap_ctrl_hs |          doCycle          | return value |
|ap_return_41                       | out |   32| ap_ctrl_hs |          doCycle          | return value |
|ap_return_42                       | out |    4| ap_ctrl_hs |          doCycle          | return value |
|ap_return_43                       | out |    1| ap_ctrl_hs |          doCycle          | return value |
|ap_return_44                       | out |    1| ap_ctrl_hs |          doCycle          | return value |
|ap_return_45                       | out |    1| ap_ctrl_hs |          doCycle          | return value |
|ap_return_46                       | out |   64| ap_ctrl_hs |          doCycle          | return value |
|ap_return_47                       | out |   32| ap_ctrl_hs |          doCycle          | return value |
|ap_return_48                       | out |   32| ap_ctrl_hs |          doCycle          | return value |
|ap_return_49                       | out |   32| ap_ctrl_hs |          doCycle          | return value |
|core_ftoDC_pc_V_read               |  in |   32|   ap_none  |    core_ftoDC_pc_V_read   |    scalar    |
|core_ftoDC_instructi               |  in |   32|   ap_none  |    core_ftoDC_instructi   |    scalar    |
|core_ftoDC_nextPCFet               |  in |   32|   ap_none  |    core_ftoDC_nextPCFet   |    scalar    |
|core_ftoDC_we_read                 |  in |    1|   ap_none  |     core_ftoDC_we_read    |    scalar    |
|core_dctoEx_pc_V_rea               |  in |   32|   ap_none  |    core_dctoEx_pc_V_rea   |    scalar    |
|core_dctoEx_instruct               |  in |   32|   ap_none  |    core_dctoEx_instruct   |    scalar    |
|core_dctoEx_opCode_V_read          |  in |    7|   ap_none  | core_dctoEx_opCode_V_read |    scalar    |
|core_dctoEx_funct7_V_read          |  in |    7|   ap_none  | core_dctoEx_funct7_V_read |    scalar    |
|core_dctoEx_funct3_V_read          |  in |    3|   ap_none  | core_dctoEx_funct3_V_read |    scalar    |
|core_dctoEx_lhs_V_re               |  in |   32|   ap_none  |    core_dctoEx_lhs_V_re   |    scalar    |
|core_dctoEx_rhs_V_re               |  in |   32|   ap_none  |    core_dctoEx_rhs_V_re   |    scalar    |
|core_dctoEx_datac_V_s              |  in |   32|   ap_none  |   core_dctoEx_datac_V_s   |    scalar    |
|core_dctoEx_nextPCDC               |  in |   32|   ap_none  |    core_dctoEx_nextPCDC   |    scalar    |
|core_dctoEx_isBranch               |  in |    1|   ap_none  |    core_dctoEx_isBranch   |    scalar    |
|core_dctoEx_predBran               |  in |    1|   ap_none  |    core_dctoEx_predBran   |    scalar    |
|core_dctoEx_useRs1_r               |  in |    1|   ap_none  |    core_dctoEx_useRs1_r   |    scalar    |
|core_dctoEx_useRs2_r               |  in |    1|   ap_none  |    core_dctoEx_useRs2_r   |    scalar    |
|core_dctoEx_useRs3_r               |  in |    1|   ap_none  |    core_dctoEx_useRs3_r   |    scalar    |
|core_dctoEx_useRd_re               |  in |    1|   ap_none  |    core_dctoEx_useRd_re   |    scalar    |
|core_dctoEx_rs1_V_re               |  in |    5|   ap_none  |    core_dctoEx_rs1_V_re   |    scalar    |
|core_dctoEx_rs2_V_re               |  in |    5|   ap_none  |    core_dctoEx_rs2_V_re   |    scalar    |
|core_dctoEx_rs3_V_re               |  in |    5|   ap_none  |    core_dctoEx_rs3_V_re   |    scalar    |
|core_dctoEx_rd_V_rea               |  in |    5|   ap_none  |    core_dctoEx_rd_V_rea   |    scalar    |
|core_dctoEx_we_read                |  in |    1|   ap_none  |    core_dctoEx_we_read    |    scalar    |
|core_extoMem_pc_V_re               |  in |   32|   ap_none  |    core_extoMem_pc_V_re   |    scalar    |
|core_extoMem_instruc               |  in |   32|   ap_none  |    core_extoMem_instruc   |    scalar    |
|core_extoMem_result_s              |  in |   32|   ap_none  |   core_extoMem_result_s   |    scalar    |
|core_extoMem_rd_V_re               |  in |    5|   ap_none  |    core_extoMem_rd_V_re   |    scalar    |
|core_extoMem_useRd_r               |  in |    1|   ap_none  |    core_extoMem_useRd_r   |    scalar    |
|core_extoMem_isLongI               |  in |    1|   ap_none  |    core_extoMem_isLongI   |    scalar    |
|core_extoMem_opCode_s              |  in |    7|   ap_none  |   core_extoMem_opCode_s   |    scalar    |
|core_extoMem_funct3_s              |  in |    3|   ap_none  |   core_extoMem_funct3_s   |    scalar    |
|core_extoMem_datac_V_read          |  in |   32|   ap_none  | core_extoMem_datac_V_read |    scalar    |
|core_extoMem_nextPC_s              |  in |   32|   ap_none  |   core_extoMem_nextPC_s   |    scalar    |
|core_extoMem_isBranc               |  in |    1|   ap_none  |    core_extoMem_isBranc   |    scalar    |
|core_extoMem_predBra               |  in |    1|   ap_none  |    core_extoMem_predBra   |    scalar    |
|core_extoMem_we_read               |  in |    1|   ap_none  |    core_extoMem_we_read   |    scalar    |
|core_memtoWB_result_s              |  in |   32|   ap_none  |   core_memtoWB_result_s   |    scalar    |
|core_memtoWB_rd_V_re               |  in |    5|   ap_none  |    core_memtoWB_rd_V_re   |    scalar    |
|core_memtoWB_useRd_r               |  in |    1|   ap_none  |    core_memtoWB_useRd_r   |    scalar    |
|core_memtoWB_address               |  in |   32|   ap_none  |    core_memtoWB_address   |    scalar    |
|core_memtoWB_valueTo               |  in |   32|   ap_none  |    core_memtoWB_valueTo   |    scalar    |
|core_memtoWB_byteEna               |  in |    4|   ap_none  |    core_memtoWB_byteEna   |    scalar    |
|core_memtoWB_isStore               |  in |    1|   ap_none  |    core_memtoWB_isStore   |    scalar    |
|core_memtoWB_isLoad_s              |  in |    1|   ap_none  |   core_memtoWB_isLoad_s   |    scalar    |
|core_memtoWB_we_read               |  in |    1|   ap_none  |    core_memtoWB_we_read   |    scalar    |
|core_dataMemory_memory_V_address0  | out |   15|  ap_memory |  core_dataMemory_memory_V |     array    |
|core_dataMemory_memory_V_ce0       | out |    1|  ap_memory |  core_dataMemory_memory_V |     array    |
|core_dataMemory_memory_V_we0       | out |    1|  ap_memory |  core_dataMemory_memory_V |     array    |
|core_dataMemory_memory_V_d0        | out |    8|  ap_memory |  core_dataMemory_memory_V |     array    |
|core_dataMemory_memory_V_q0        |  in |    8|  ap_memory |  core_dataMemory_memory_V |     array    |
|core_dataMemory_memory_V_address1  | out |   15|  ap_memory |  core_dataMemory_memory_V |     array    |
|core_dataMemory_memory_V_ce1       | out |    1|  ap_memory |  core_dataMemory_memory_V |     array    |
|core_dataMemory_memory_V_we1       | out |    1|  ap_memory |  core_dataMemory_memory_V |     array    |
|core_dataMemory_memory_V_d1        | out |    8|  ap_memory |  core_dataMemory_memory_V |     array    |
|core_dataMemory_memory_V_q1        |  in |    8|  ap_memory |  core_dataMemory_memory_V |     array    |
|core_im_V_address0                 | out |   13|  ap_memory |         core_im_V         |     array    |
|core_im_V_ce0                      | out |    1|  ap_memory |         core_im_V         |     array    |
|core_im_V_q0                       |  in |   32|  ap_memory |         core_im_V         |     array    |
|core_bp_processCount               |  in |   32|   ap_none  |    core_bp_processCount   |    scalar    |
|core_bp_front_read                 |  in |   32|   ap_none  |     core_bp_front_read    |    scalar    |
|core_bp_table_V_address0           | out |    6|  ap_memory |      core_bp_table_V      |     array    |
|core_bp_table_V_ce0                | out |    1|  ap_memory |      core_bp_table_V      |     array    |
|core_bp_table_V_we0                | out |    1|  ap_memory |      core_bp_table_V      |     array    |
|core_bp_table_V_d0                 | out |    2|  ap_memory |      core_bp_table_V      |     array    |
|core_bp_table_V_q0                 |  in |    2|  ap_memory |      core_bp_table_V      |     array    |
|core_regFile_V_address0            | out |    5|  ap_memory |       core_regFile_V      |     array    |
|core_regFile_V_ce0                 | out |    1|  ap_memory |       core_regFile_V      |     array    |
|core_regFile_V_we0                 | out |    1|  ap_memory |       core_regFile_V      |     array    |
|core_regFile_V_d0                  | out |   32|  ap_memory |       core_regFile_V      |     array    |
|core_regFile_V_q0                  |  in |   32|  ap_memory |       core_regFile_V      |     array    |
|core_regFile_V_address1            | out |    5|  ap_memory |       core_regFile_V      |     array    |
|core_regFile_V_ce1                 | out |    1|  ap_memory |       core_regFile_V      |     array    |
|core_regFile_V_q1                  |  in |   32|  ap_memory |       core_regFile_V      |     array    |
|core_pc_V_read                     |  in |   32|   ap_none  |       core_pc_V_read      |    scalar    |
|core_cycle_read                    |  in |   64|   ap_none  |      core_cycle_read      |    scalar    |
|globalStall                        |  in |    1|   ap_none  |        globalStall        |    scalar    |
+-----------------------------------+-----+-----+------------+---------------------------+--------------+

