

================================================================
== Vivado HLS Report for 'doCycle'
================================================================
* Date:           Tue Jun 29 14:38:01 2021

* Version:        2019.2 (Build 2704478 on Wed Nov 06 22:10:23 MST 2019)
* Project:        doCore
* Solution:       solution
* Product family: zynq
* Target device:  xc7z010-clg400-2


================================================================
== Performance Estimates
================================================================
+ Timing: 
    * Summary: 
    +--------+---------+----------+------------+
    |  Clock |  Target | Estimated| Uncertainty|
    +--------+---------+----------+------------+
    |ap_clk  | 8.50 ns | 7.087 ns |   1.06 ns  |
    +--------+---------+----------+------------+

+ Latency: 
    * Summary: 
    +---------+---------+-----------+----------+-----+-----+---------+
    |  Latency (cycles) |  Latency (absolute)  |  Interval | Pipeline|
    |   min   |   max   |    min    |    max   | min | max |   Type  |
    +---------+---------+-----------+----------+-----+-----+---------+
    |        6|       12| 51.000 ns | 0.102 us |    6|   12|   none  |
    +---------+---------+-----------+----------+-----+-----+---------+

    + Detail: 
        * Instance: 
        +----------------------+----------+---------+---------+----------+-----------+-----+-----+---------+
        |                      |          |  Latency (cycles) |  Latency (absolute)  |  Interval | Pipeline|
        |       Instance       |  Module  |   min   |   max   |    min   |    max    | min | max |   Type  |
        +----------------------+----------+---------+---------+----------+-----------+-----+-----+---------+
        |grp_execute_fu_1082   |execute   |        1|        1| 8.500 ns |  8.500 ns |    1|    1|   none  |
        |grp_decode_fu_1112    |decode    |        1|        1| 8.500 ns |  8.500 ns |    1|    1|   none  |
        |grp_p_update_fu_1124  |p_update  |        1|        2| 8.500 ns | 17.000 ns |    1|    2|   none  |
        +----------------------+----------+---------+---------+----------+-----------+-----+-----+---------+

        * Loop: 
        N/A



================================================================
== Utilization Estimates
================================================================
* Summary: 
+-----------------+---------+-------+-------+-------+-----+
|       Name      | BRAM_18K| DSP48E|   FF  |  LUT  | URAM|
+-----------------+---------+-------+-------+-------+-----+
|DSP              |        -|      -|      -|      -|    -|
|Expression       |        -|      -|      0|   1842|    -|
|FIFO             |        -|      -|      -|      -|    -|
|Instance         |        -|      -|    653|   5227|    -|
|Memory           |        -|      -|      -|      -|    -|
|Multiplexer      |        -|      -|      -|    300|    -|
|Register         |        -|      -|   1783|      -|    -|
+-----------------+---------+-------+-------+-------+-----+
|Total            |        0|      0|   2436|   7369|    0|
+-----------------+---------+-------+-------+-------+-----+
|Available        |      120|     80|  35200|  17600|    0|
+-----------------+---------+-------+-------+-------+-----+
|Utilization (%)  |        0|      0|      6|     41|    0|
+-----------------+---------+-------+-------+-------+-----+

+ Detail: 
    * Instance: 
    +--------------------------+----------------------+---------+-------+-----+------+-----+
    |         Instance         |        Module        | BRAM_18K| DSP48E|  FF |  LUT | URAM|
    +--------------------------+----------------------+---------+-------+-----+------+-----+
    |grp_decode_fu_1112        |decode                |        0|      0|  334|   544|    0|
    |doCore_mux_1287_1bkb_U25  |doCore_mux_1287_1bkb  |        0|      0|    0|   673|    0|
    |doCore_mux_1287_1bkb_U27  |doCore_mux_1287_1bkb  |        0|      0|    0|   673|    0|
    |doCore_mux_1287_3cud_U26  |doCore_mux_1287_3cud  |        0|      0|    0|   673|    0|
    |doCore_mux_1287_3cud_U28  |doCore_mux_1287_3cud  |        0|      0|    0|   673|    0|
    |doCore_mux_1287_4dEe_U29  |doCore_mux_1287_4dEe  |        0|      0|    0|   673|    0|
    |grp_execute_fu_1082       |execute               |        0|      0|  280|  1150|    0|
    |grp_p_update_fu_1124      |p_update              |        0|      0|   39|   168|    0|
    +--------------------------+----------------------+---------+-------+-----+------+-----+
    |Total                     |                      |        0|      0|  653|  5227|    0|
    +--------------------------+----------------------+---------+-------+-----+------+-----+

    * DSP48E: 
    N/A

    * Memory: 
    N/A

    * FIFO: 
    N/A

    * Expression: 
    +-----------------------------------+----------+-------+---+----+------------+------------+
    |           Variable Name           | Operation| DSP48E| FF| LUT| Bitwidth P0| Bitwidth P1|
    +-----------------------------------+----------+-------+---+----+------------+------------+
    |add_ln180_fu_3154_p2               |     +    |      0|  0|  14|          14|          14|
    |add_ln248_fu_3496_p2               |     +    |      0|  0|  17|          17|          17|
    |add_ln254_fu_3484_p2               |     +    |      0|  0|  17|          17|          17|
    |add_ln35_fu_3119_p2                |     +    |      0|  0|   4|           2|           3|
    |add_ln544_1_fu_3453_p2             |     +    |      0|  0|   8|           8|           1|
    |add_ln544_fu_3438_p2               |     +    |      0|  0|   8|           8|           2|
    |add_ln56_fu_3851_p2                |     +    |      0|  0|  32|          32|           2|
    |add_ln741_fu_3951_p2               |     +    |      0|  0|  64|          64|           1|
    |ftoDC_temp_nextPCFet_fu_1167_p2    |     +    |      0|  0|  32|          32|           3|
    |ret_V_fu_3144_p2                   |     +    |      0|  0|   4|           3|           1|
    |sub_ln246_fu_3490_p2               |     -    |      0|  0|  17|          17|          17|
    |sub_ln252_fu_3478_p2               |     -    |      0|  0|  17|          17|          17|
    |sub_ln260_fu_3568_p2               |     -    |      0|  0|  17|           1|          17|
    |sub_ln544_fu_3432_p2               |     -    |      0|  0|   8|           8|           8|
    |and_ln232_1_fu_3526_p2             |    and   |      0|  0|   1|           1|           1|
    |and_ln232_2_fu_3540_p2             |    and   |      0|  0|   1|           1|           1|
    |and_ln232_fu_3508_p2               |    and   |      0|  0|   1|           1|           1|
    |and_ln480_fu_2642_p2               |    and   |      0|  0|   1|           1|           1|
    |and_ln505_1_fu_3934_p2             |    and   |      0|  0|   1|           1|           1|
    |and_ln505_2_fu_3945_p2             |    and   |      0|  0|   1|           1|           1|
    |and_ln505_fu_3940_p2               |    and   |      0|  0|   1|           1|           1|
    |and_ln507_1_fu_2717_p2             |    and   |      0|  0|   1|           1|           1|
    |and_ln507_fu_2707_p2               |    and   |      0|  0|   1|           1|           1|
    |and_ln508_1_fu_2778_p2             |    and   |      0|  0|   1|           1|           1|
    |and_ln508_fu_2768_p2               |    and   |      0|  0|   1|           1|           1|
    |and_ln515_1_fu_2679_p2             |    and   |      0|  0|   1|           1|           1|
    |and_ln515_2_fu_2690_p2             |    and   |      0|  0|   1|           1|           1|
    |and_ln515_3_fu_2695_p2             |    and   |      0|  0|   1|           1|           1|
    |and_ln515_fu_2666_p2               |    and   |      0|  0|   1|           1|           1|
    |and_ln530_1_fu_2740_p2             |    and   |      0|  0|   1|           1|           1|
    |and_ln530_2_fu_2751_p2             |    and   |      0|  0|   1|           1|           1|
    |and_ln530_3_fu_2756_p2             |    and   |      0|  0|   1|           1|           1|
    |and_ln530_fu_2727_p2               |    and   |      0|  0|   1|           1|           1|
    |and_ln544_1_fu_2801_p2             |    and   |      0|  0|   1|           1|           1|
    |and_ln544_2_fu_2818_p2             |    and   |      0|  0|   1|           1|           1|
    |and_ln544_3_fu_2830_p2             |    and   |      0|  0|   1|           1|           1|
    |and_ln544_4_fu_2835_p2             |    and   |      0|  0|   1|           1|           1|
    |and_ln544_6_fu_2853_p2             |    and   |      0|  0|   1|           1|           1|
    |and_ln544_7_fu_2863_p2             |    and   |      0|  0|   1|           1|           1|
    |and_ln544_fu_2788_p2               |    and   |      0|  0|   1|           1|           1|
    |and_ln55_1_fu_3878_p2              |    and   |      0|  0|   1|           1|           1|
    |and_ln55_fu_3873_p2                |    and   |      0|  0|   1|           1|           1|
    |and_ln634_fu_2963_p2               |    and   |      0|  0|   1|           1|           1|
    |and_ln654_fu_3268_p2               |    and   |      0|  0|   1|           1|           1|
    |and_ln686_fu_3402_p2               |    and   |      0|  0|   1|           1|           1|
    |and_ln691_fu_3624_p2               |    and   |      0|  0|   1|           1|           1|
    |and_ln693_1_fu_3636_p2             |    and   |      0|  0|   1|           1|           1|
    |and_ln693_fu_3595_p2               |    and   |      0|  0|   1|           1|           1|
    |and_ln698_fu_3685_p2               |    and   |      0|  0|   1|           1|           1|
    |and_ln700_1_fu_3697_p2             |    and   |      0|  0|   1|           1|           1|
    |and_ln700_fu_3656_p2               |    and   |      0|  0|   1|           1|           1|
    |and_ln723_fu_3790_p2               |    and   |      0|  0|   1|           1|           1|
    |ap_block_state11_on_subcall_done   |    and   |      0|  0|   1|           1|           1|
    |ap_predicate_op387_call_state11    |    and   |      0|  0|   1|           1|           1|
    |core_dctoEx_isBranch_1_fu_3775_p2  |    and   |      0|  0|   1|           1|           1|
    |core_dctoEx_useRd_1_fu_3780_p2     |    and   |      0|  0|   1|           1|           1|
    |forwardRegisters_for_1_fu_2761_p2  |    and   |      0|  0|   1|           1|           1|
    |forwardRegisters_for_2_fu_2840_p2  |    and   |      0|  0|   1|           1|           1|
    |forwardRegisters_for_3_fu_2869_p2  |    and   |      0|  0|   1|           1|           1|
    |forwardRegisters_for_fu_2700_p2    |    and   |      0|  0|   1|           1|           1|
    |or_ln713_fu_3739_p2                |    and   |      0|  0|   1|           1|           1|
    |wbOut_temp_useRd_fu_2648_p2        |    and   |      0|  0|   1|           1|           1|
    |grp_fu_1147_p2                     |   icmp   |      0|  0|   2|           3|           2|
    |icmp_ln35_fu_3134_p2               |   icmp   |      0|  0|   1|           2|           1|
    |icmp_ln55_fu_3834_p2               |   icmp   |      0|  0|  12|          32|           1|
    |icmp_ln57_1_fu_3174_p2             |   icmp   |      0|  0|   2|           2|           3|
    |icmp_ln57_2_fu_3180_p2             |   icmp   |      0|  0|   1|           2|           1|
    |icmp_ln57_fu_3168_p2               |   icmp   |      0|  0|   1|           2|           2|
    |icmp_ln640_fu_2984_p2              |   icmp   |      0|  0|   2|           2|           3|
    |icmp_ln653_fu_2990_p2              |   icmp   |      0|  0|   1|           2|           1|
    |icmp_ln654_1_fu_3257_p2            |   icmp   |      0|  0|   2|           3|           1|
    |icmp_ln654_2_fu_3274_p2            |   icmp   |      0|  0|   2|           3|           3|
    |icmp_ln654_3_fu_3285_p2            |   icmp   |      0|  0|   2|           3|           1|
    |icmp_ln654_fu_3252_p2              |   icmp   |      0|  0|   2|           3|           4|
    |icmp_ln686_fu_3397_p2              |   icmp   |      0|  0|   3|           7|           6|
    |icmp_ln723_fu_3785_p2              |   icmp   |      0|  0|   3|           7|           6|
    |icmp_ln879_1_fu_2671_p2            |   icmp   |      0|  0|   2|           5|           5|
    |icmp_ln879_2_fu_2675_p2            |   icmp   |      0|  0|   2|           5|           5|
    |icmp_ln879_3_fu_2723_p2            |   icmp   |      0|  0|   2|           5|           5|
    |icmp_ln879_4_fu_2732_p2            |   icmp   |      0|  0|   2|           5|           5|
    |icmp_ln879_5_fu_2736_p2            |   icmp   |      0|  0|   2|           5|           5|
    |icmp_ln879_6_fu_2784_p2            |   icmp   |      0|  0|   2|           5|           5|
    |icmp_ln879_7_fu_2793_p2            |   icmp   |      0|  0|   2|           5|           5|
    |icmp_ln879_8_fu_2797_p2            |   icmp   |      0|  0|   2|           5|           5|
    |icmp_ln879_fu_2662_p2              |   icmp   |      0|  0|   2|           5|           5|
    |icmp_ln883_fu_2610_p2              |   icmp   |      0|  0|   2|           5|           1|
    |and_ln713_fu_3770_p2               |    or    |      0|  0|   1|           1|           1|
    |ap_block_state2_on_subcall_done    |    or    |      0|  0|   1|           1|           1|
    |localStall_fu_3381_p2              |    or    |      0|  0|   1|           1|           1|
    |or_ln180_1_fu_3104_p2              |    or    |      0|  0|  13|          13|           2|
    |or_ln180_fu_3089_p2                |    or    |      0|  0|  13|          13|           2|
    |or_ln480_fu_2622_p2                |    or    |      0|  0|   1|           1|           1|
    |or_ln544_1_fu_2812_p2              |    or    |      0|  0|   1|           1|           1|
    |or_ln544_fu_2806_p2                |    or    |      0|  0|   1|           1|           1|
    |or_ln55_fu_3004_p2                 |    or    |      0|  0|  13|          13|           2|
    |or_ln56_fu_3019_p2                 |    or    |      0|  0|  13|          13|           2|
    |or_ln57_fu_3186_p2                 |    or    |      0|  0|   1|           1|           1|
    |or_ln624_1_fu_2894_p2              |    or    |      0|  0|   1|           1|           1|
    |or_ln624_2_fu_2906_p2              |    or    |      0|  0|   1|           1|           1|
    |or_ln624_3_fu_2918_p2              |    or    |      0|  0|   1|           1|           1|
    |or_ln624_4_fu_2931_p2              |    or    |      0|  0|   1|           1|           1|
    |or_ln624_fu_2882_p2                |    or    |      0|  0|   1|           1|           1|
    |or_ln634_fu_2943_p2                |    or    |      0|  0|   1|           1|           1|
    |or_ln654_1_fu_3290_p2              |    or    |      0|  0|   1|           1|           1|
    |or_ln654_2_fu_3302_p2              |    or    |      0|  0|   1|           1|           1|
    |or_ln654_3_fu_3296_p2              |    or    |      0|  0|   1|           1|           1|
    |or_ln654_fu_3279_p2                |    or    |      0|  0|   1|           1|           1|
    |or_ln680_1_fu_3392_p2              |    or    |      0|  0|   1|           1|           1|
    |or_ln691_fu_3589_p2                |    or    |      0|  0|   1|           1|           1|
    |or_ln693_fu_3600_p2                |    or    |      0|  0|   1|           1|           1|
    |or_ln698_fu_3650_p2                |    or    |      0|  0|   1|           1|           1|
    |or_ln700_fu_3661_p2                |    or    |      0|  0|   1|           1|           1|
    |or_ln705_fu_3711_p2                |    or    |      0|  0|   1|           1|           1|
    |or_ln707_fu_3717_p2                |    or    |      0|  0|   1|           1|           1|
    |or_ln733_fu_3816_p2                |    or    |      0|  0|   1|           1|           1|
    |or_ln737_1_fu_3890_p2              |    or    |      0|  0|   1|           1|           1|
    |or_ln737_2_fu_3825_p2              |    or    |      0|  0|   1|           1|           1|
    |or_ln737_fu_3861_p2                |    or    |      0|  0|   1|           1|           1|
    |result_V_fu_3308_p2                |    or    |      0|  0|   1|           1|           1|
    |write_flag11_1_fu_3744_p2          |    or    |      0|  0|   1|           1|           1|
    |core_dctoEx_instruct_1_fu_3757_p3  |  select  |      0|  0|  32|           1|          32|
    |core_dctoEx_pc_V_1_fu_3750_p3      |  select  |      0|  0|  32|           1|          32|
    |opType_fu_2977_p3                  |  select  |      0|  0|   2|           1|           1|
    |p_Val2_1_fu_3314_p3                |  select  |      0|  0|   2|           1|           2|
    |phitmp_fu_2951_p3                  |  select  |      0|  0|   3|           1|           3|
    |result_V_6_fu_3346_p3              |  select  |      0|  0|  32|           1|          32|
    |result_V_7_fu_3372_p3              |  select  |      0|  0|  32|           1|          32|
    |select_ln232_1_fu_3532_p3          |  select  |      0|  0|  17|           1|          17|
    |select_ln232_2_fu_3545_p3          |  select  |      0|  0|  17|           1|          17|
    |select_ln232_fu_3513_p3            |  select  |      0|  0|  17|           1|          17|
    |select_ln260_fu_3573_p3            |  select  |      0|  0|  17|           1|          17|
    |select_ln480_fu_2628_p3            |  select  |      0|  0|   5|           1|           5|
    |select_ln501_fu_3839_p3            |  select  |      0|  0|  32|           1|          32|
    |select_ln55_1_fu_3915_p3           |  select  |      0|  0|  32|           1|          32|
    |select_ln55_2_fu_3922_p3           |  select  |      0|  0|  32|           1|          32|
    |select_ln55_fu_3908_p3             |  select  |      0|  0|  32|           1|          32|
    |select_ln57_1_fu_3200_p3           |  select  |      0|  0|   3|           1|           1|
    |select_ln57_2_fu_3208_p3           |  select  |      0|  0|   2|           1|           2|
    |select_ln57_3_fu_3226_p3           |  select  |      0|  0|   2|           1|           1|
    |select_ln57_4_fu_3234_p3           |  select  |      0|  0|   2|           1|           2|
    |select_ln57_fu_3192_p3             |  select  |      0|  0|   2|           1|           2|
    |select_ln634_fu_2969_p3            |  select  |      0|  0|   2|           1|           2|
    |select_ln680_fu_3895_p3            |  select  |      0|  0|  32|           1|          32|
    |select_ln691_fu_3629_p3            |  select  |      0|  0|  32|           1|          32|
    |select_ln693_1_fu_3642_p3          |  select  |      0|  0|  32|           1|          32|
    |select_ln693_fu_3606_p3            |  select  |      0|  0|  32|           1|          32|
    |select_ln695_fu_3613_p3            |  select  |      0|  0|  32|           1|          32|
    |select_ln698_fu_3690_p3            |  select  |      0|  0|  32|           1|          32|
    |select_ln700_1_fu_3703_p3          |  select  |      0|  0|  32|           1|          32|
    |select_ln700_fu_3667_p3            |  select  |      0|  0|  32|           1|          32|
    |select_ln702_fu_3674_p3            |  select  |      0|  0|  32|           1|          32|
    |select_ln709_fu_3722_p3            |  select  |      0|  0|  32|           1|          32|
    |select_ln713_1_fu_3733_p3          |  select  |      0|  0|  32|           1|          32|
    |select_ln713_fu_3727_p3            |  select  |      0|  0|  32|           1|          32|
    |select_ln729_fu_3805_p3            |  select  |      0|  0|  32|           1|          32|
    |select_ln737_1_fu_3900_p3          |  select  |      0|  0|  32|           1|          32|
    |select_ln737_fu_3866_p3            |  select  |      0|  0|   2|           1|           1|
    |select_ln742_10_fu_4010_p3         |  select  |      0|  0|   2|           1|           1|
    |select_ln742_11_fu_4016_p3         |  select  |      0|  0|   2|           1|           1|
    |select_ln742_12_fu_4022_p3         |  select  |      0|  0|   2|           1|           1|
    |select_ln742_13_fu_4028_p3         |  select  |      0|  0|   2|           1|           1|
    |select_ln742_14_fu_4033_p3         |  select  |      0|  0|   5|           1|           5|
    |select_ln742_15_fu_4039_p3         |  select  |      0|  0|   5|           1|           5|
    |select_ln742_16_fu_4045_p3         |  select  |      0|  0|   5|           1|           5|
    |select_ln742_17_fu_4051_p3         |  select  |      0|  0|   5|           1|           5|
    |select_ln742_18_fu_4057_p3         |  select  |      0|  0|  32|           1|          32|
    |select_ln742_19_fu_4063_p3         |  select  |      0|  0|  32|           1|          32|
    |select_ln742_1_fu_3961_p3          |  select  |      0|  0|  32|           1|          32|
    |select_ln742_20_fu_4069_p3         |  select  |      0|  0|  32|           1|          32|
    |select_ln742_21_fu_4075_p3         |  select  |      0|  0|   5|           1|           5|
    |select_ln742_22_fu_4081_p3         |  select  |      0|  0|   2|           1|           1|
    |select_ln742_23_fu_4087_p3         |  select  |      0|  0|   2|           1|           1|
    |select_ln742_24_fu_4093_p3         |  select  |      0|  0|   7|           1|           7|
    |select_ln742_25_fu_4099_p3         |  select  |      0|  0|   3|           1|           3|
    |select_ln742_26_fu_4105_p3         |  select  |      0|  0|  32|           1|          32|
    |select_ln742_27_fu_4111_p3         |  select  |      0|  0|  32|           1|          32|
    |select_ln742_28_fu_4117_p3         |  select  |      0|  0|   2|           1|           1|
    |select_ln742_29_fu_4123_p3         |  select  |      0|  0|   2|           1|           1|
    |select_ln742_2_fu_3966_p3          |  select  |      0|  0|  32|           1|          32|
    |select_ln742_30_fu_4129_p3         |  select  |      0|  0|   2|           1|           1|
    |select_ln742_31_fu_4135_p3         |  select  |      0|  0|   5|           1|           5|
    |select_ln742_32_fu_4140_p3         |  select  |      0|  0|   2|           1|           1|
    |select_ln742_33_fu_4145_p3         |  select  |      0|  0|  32|           1|          32|
    |select_ln742_34_fu_4150_p3         |  select  |      0|  0|  32|           1|          32|
    |select_ln742_35_fu_4155_p3         |  select  |      0|  0|   4|           1|           4|
    |select_ln742_36_fu_4160_p3         |  select  |      0|  0|   2|           1|           1|
    |select_ln742_37_fu_4165_p3         |  select  |      0|  0|   2|           1|           1|
    |select_ln742_38_fu_4170_p3         |  select  |      0|  0|   2|           1|           1|
    |select_ln742_3_fu_3971_p3          |  select  |      0|  0|  32|           1|          32|
    |select_ln742_4_fu_3976_p3          |  select  |      0|  0|  32|           1|          32|
    |select_ln742_5_fu_3981_p3          |  select  |      0|  0|   7|           1|           7|
    |select_ln742_6_fu_3987_p3          |  select  |      0|  0|   7|           1|           7|
    |select_ln742_7_fu_3993_p3          |  select  |      0|  0|   3|           1|           3|
    |select_ln742_8_fu_3999_p3          |  select  |      0|  0|  32|           1|          32|
    |select_ln742_9_fu_4005_p3          |  select  |      0|  0|   2|           1|           1|
    |select_ln742_fu_3956_p3            |  select  |      0|  0|  32|           1|          32|
    |wbOut_temp_rd_V_fu_2654_p3         |  select  |      0|  0|   5|           1|           1|
    |dctoEx_temp_predBran_fu_3561_p2    |    xor   |      0|  0|   2|           1|           2|
    |not_core_stallSignal_fu_3764_p2    |    xor   |      0|  0|   2|           1|           2|
    |xor_ln232_fu_3521_p2               |    xor   |      0|  0|   2|           1|           2|
    |xor_ln244_1_fu_3502_p2             |    xor   |      0|  0|   2|           1|           2|
    |xor_ln244_fu_3466_p2               |    xor   |      0|  0|   1|           1|           1|
    |xor_ln480_1_fu_2636_p2             |    xor   |      0|  0|   2|           1|           2|
    |xor_ln480_fu_2616_p2               |    xor   |      0|  0|   2|           1|           2|
    |xor_ln501_fu_3845_p2               |    xor   |      0|  0|   2|           1|           2|
    |xor_ln505_fu_3929_p2               |    xor   |      0|  0|   1|           1|           1|
    |xor_ln507_fu_2712_p2               |    xor   |      0|  0|   1|           1|           1|
    |xor_ln508_fu_2773_p2               |    xor   |      0|  0|   1|           1|           1|
    |xor_ln515_fu_2684_p2               |    xor   |      0|  0|   2|           2|           1|
    |xor_ln530_fu_2745_p2               |    xor   |      0|  0|   2|           2|           1|
    |xor_ln544_1_fu_2858_p2             |    xor   |      0|  0|   1|           1|           1|
    |xor_ln544_fu_2824_p2               |    xor   |      0|  0|   2|           2|           1|
    |xor_ln551_fu_2846_p2               |    xor   |      0|  0|   2|           1|           2|
    |xor_ln562_fu_2958_p2               |    xor   |      0|  0|   2|           1|           2|
    |xor_ln57_fu_3856_p2                |    xor   |      0|  0|  32|          32|           1|
    |xor_ln624_1_fu_2876_p2             |    xor   |      0|  0|   2|           2|           1|
    |xor_ln624_2_fu_2900_p2             |    xor   |      0|  0|   2|           2|           1|
    |xor_ln624_3_fu_2912_p2             |    xor   |      0|  0|   2|           2|           1|
    |xor_ln624_4_fu_2925_p2             |    xor   |      0|  0|   2|           2|           1|
    |xor_ln624_fu_2888_p2               |    xor   |      0|  0|   2|           2|           1|
    |xor_ln634_fu_2938_p2               |    xor   |      0|  0|   2|           1|           2|
    |xor_ln654_fu_3262_p2               |    xor   |      0|  0|   2|           1|           2|
    |xor_ln680_fu_3386_p2               |    xor   |      0|  0|   2|           1|           2|
    |xor_ln691_1_fu_3618_p2             |    xor   |      0|  0|   2|           1|           2|
    |xor_ln691_fu_3584_p2               |    xor   |      0|  0|   2|           1|           2|
    |xor_ln698_fu_3679_p2               |    xor   |      0|  0|   2|           1|           2|
    |xor_ln733_fu_3811_p2               |    xor   |      0|  0|   2|           1|           2|
    |xor_ln737_1_fu_3830_p2             |    xor   |      0|  0|   1|           1|           1|
    |xor_ln737_fu_3884_p2               |    xor   |      0|  0|   2|           1|           2|
    +-----------------------------------+----------+-------+---+----+------------+------------+
    |Total                              |          |      0|  0|1842|         641|        1622|
    +-----------------------------------+----------+-------+---+----+------------+------------+

    * Multiplexer: 
    +-------------------------------------------------+----+-----------+-----+-----------+
    |                       Name                      | LUT| Input Size| Bits| Total Bits|
    +-------------------------------------------------+----+-----------+-----+-----------+
    |ap_NS_fsm                                        |   6|         12|    1|         12|
    |ap_phi_mux_core_bp_bht1_1_phi_fu_1047_p6         |   3|          2|    1|          2|
    |ap_phi_mux_core_bp_bht_1_phi_fu_1058_p6          |   3|          2|    1|          2|
    |ap_phi_mux_core_bp_dp_0_phi_fu_867_p4            |   3|          2|   32|         64|
    |ap_phi_mux_core_bp_pd_0_phi_fu_857_p4            |   3|          2|    1|          2|
    |ap_phi_mux_dctoEx_temp_predBran_1_phi_fu_846_p4  |   3|          2|    1|          2|
    |ap_phi_mux_write_flag90_0_phi_fu_1071_p6         |   3|          2|    1|          2|
    |ap_return_0                                      |   3|          2|   32|         64|
    |ap_return_1                                      |   3|          2|   32|         64|
    |ap_return_10                                     |   3|          2|   32|         64|
    |ap_return_11                                     |   3|          2|   32|         64|
    |ap_return_12                                     |   3|          2|   32|         64|
    |ap_return_13                                     |   3|          2|    1|          2|
    |ap_return_14                                     |   3|          2|    1|          2|
    |ap_return_15                                     |   3|          2|    1|          2|
    |ap_return_16                                     |   3|          2|    1|          2|
    |ap_return_17                                     |   3|          2|    1|          2|
    |ap_return_18                                     |   3|          2|    1|          2|
    |ap_return_19                                     |   3|          2|    5|         10|
    |ap_return_2                                      |   3|          2|   32|         64|
    |ap_return_20                                     |   3|          2|    5|         10|
    |ap_return_21                                     |   3|          2|    5|         10|
    |ap_return_22                                     |   3|          2|    5|         10|
    |ap_return_23                                     |   3|          2|    1|          2|
    |ap_return_24                                     |   3|          2|   32|         64|
    |ap_return_25                                     |   3|          2|   32|         64|
    |ap_return_26                                     |   3|          2|   32|         64|
    |ap_return_27                                     |   3|          2|    5|         10|
    |ap_return_28                                     |   3|          2|    1|          2|
    |ap_return_29                                     |   3|          2|    1|          2|
    |ap_return_3                                      |   3|          2|    1|          2|
    |ap_return_30                                     |   3|          2|    7|         14|
    |ap_return_31                                     |   3|          2|    3|          6|
    |ap_return_32                                     |   3|          2|   32|         64|
    |ap_return_33                                     |   3|          2|   32|         64|
    |ap_return_34                                     |   3|          2|    1|          2|
    |ap_return_35                                     |   3|          2|    1|          2|
    |ap_return_36                                     |   3|          2|    1|          2|
    |ap_return_37                                     |   3|          2|   32|         64|
    |ap_return_38                                     |   3|          2|    5|         10|
    |ap_return_39                                     |   3|          2|    1|          2|
    |ap_return_4                                      |   3|          2|   32|         64|
    |ap_return_40                                     |   3|          2|   32|         64|
    |ap_return_41                                     |   3|          2|   32|         64|
    |ap_return_42                                     |   3|          2|    4|          8|
    |ap_return_43                                     |   3|          2|    1|          2|
    |ap_return_44                                     |   3|          2|    1|          2|
    |ap_return_45                                     |   3|          2|    1|          2|
    |ap_return_46                                     |   3|          2|   64|        128|
    |ap_return_47                                     |   3|          2|   32|         64|
    |ap_return_48                                     |   3|          2|    1|          2|
    |ap_return_49                                     |   3|          2|   32|         64|
    |ap_return_5                                      |   3|          2|   32|         64|
    |ap_return_50                                     |   3|          2|   32|         64|
    |ap_return_51                                     |   3|          2|   32|         64|
    |ap_return_52                                     |   3|          2|    1|          2|
    |ap_return_53                                     |   3|          2|    1|          2|
    |ap_return_6                                      |   3|          2|    7|         14|
    |ap_return_7                                      |   3|          2|    7|         14|
    |ap_return_8                                      |   3|          2|    3|          6|
    |ap_return_9                                      |   3|          2|   32|         64|
    |core_bp_bht1_1_reg_1044                          |   3|          2|    1|          2|
    |core_bp_bht_1_reg_1055                           |   3|          2|    1|          2|
    |core_bp_dp_0_reg_864                             |   3|          2|   32|         64|
    |core_bp_dp_1_reg_1024                            |   3|          2|   32|         64|
    |core_bp_pd_0_reg_854                             |   3|          2|    1|          2|
    |core_bp_pd_1_reg_1004                            |   3|          2|    1|          2|
    |core_bp_perceptron_V_address0                    |   3|          4|    7|         28|
    |core_bp_perceptron_V_address1                    |   3|          3|    7|         21|
    |core_bp_perceptron_V_ce0                         |   3|          3|    1|          3|
    |core_bp_perceptron_V_ce1                         |   3|          3|    1|          3|
    |core_bp_perceptron_V_we0                         |   3|          2|    1|          2|
    |core_bp_perceptron_V_we1                         |   3|          2|    1|          2|
    |core_dataMemory_memory_V_address0                |   4|          5|   15|         75|
    |core_dataMemory_memory_V_address1                |   4|          5|   15|         75|
    |core_dataMemory_memory_V_d0                      |   3|          3|    8|         24|
    |core_dataMemory_memory_V_d1                      |   3|          3|    8|         24|
    |core_dctoEx_we_0_reg_988                         |   3|          2|    1|          2|
    |core_regFile_V_address0                          |   3|          3|    5|         15|
    |core_regFile_V_ce0                               |   3|          3|    1|          3|
    |core_regFile_V_ce1                               |   3|          2|    1|          2|
    |core_stallSignals_0_s_reg_710                    |   3|          2|    1|          2|
    |dctoEx_temp_predBran_1_reg_842                   |   3|          2|    1|          2|
    |dctoEx_temp_predBran_2_reg_874                   |   3|          2|    1|          2|
    |forwardRegisters_for_4_reg_794                   |   3|          2|    1|          2|
    |memtoWB_temp_result_s_reg_830                    |   3|          2|   32|         64|
    |phi_ln691_reg_746                                |   3|          2|    1|          2|
    |phi_ln693_1_reg_818                              |   3|          2|    1|          2|
    |phi_ln693_reg_782                                |   3|          2|    1|          2|
    |phi_ln698_reg_734                                |   3|          2|    1|          2|
    |phi_ln700_1_reg_806                              |   3|          2|    1|          2|
    |phi_ln700_reg_770                                |   3|          2|    1|          2|
    |phi_ln705_reg_722                                |   3|          2|    1|          2|
    |phi_ln707_reg_758                                |   3|          2|    1|          2|
    |phi_ln742_1_reg_935                              |   3|          2|   32|         64|
    |phi_ln742_2_reg_951                              |   4|          5|   32|        160|
    |phi_ln742_3_reg_968                              |   3|          2|    1|          2|
    |phi_ln742_reg_919                                |   3|          2|   32|         64|
    +-------------------------------------------------+----+-----------+-----+-----------+
    |Total                                            | 300|        224| 1136|       2513|
    +-------------------------------------------------+----+-----------+-----+-----------+

    * Register: 
    +-----------------------------------+----+----+-----+-----------+
    |                Name               | FF | LUT| Bits| Const Bits|
    +-----------------------------------+----+----+-----+-----------+
    |and_ln686_reg_5233                 |   1|   0|    1|          0|
    |and_ln713_reg_5320                 |   1|   0|    1|          0|
    |and_ln723_reg_5335                 |   1|   0|    1|          0|
    |ap_CS_fsm                          |  11|   0|   11|          0|
    |ap_return_0_preg                   |  32|   0|   32|          0|
    |ap_return_10_preg                  |  32|   0|   32|          0|
    |ap_return_11_preg                  |  32|   0|   32|          0|
    |ap_return_12_preg                  |  32|   0|   32|          0|
    |ap_return_13_preg                  |   1|   0|    1|          0|
    |ap_return_14_preg                  |   1|   0|    1|          0|
    |ap_return_15_preg                  |   1|   0|    1|          0|
    |ap_return_16_preg                  |   1|   0|    1|          0|
    |ap_return_17_preg                  |   1|   0|    1|          0|
    |ap_return_18_preg                  |   1|   0|    1|          0|
    |ap_return_19_preg                  |   5|   0|    5|          0|
    |ap_return_1_preg                   |  32|   0|   32|          0|
    |ap_return_20_preg                  |   5|   0|    5|          0|
    |ap_return_21_preg                  |   5|   0|    5|          0|
    |ap_return_22_preg                  |   5|   0|    5|          0|
    |ap_return_23_preg                  |   1|   0|    1|          0|
    |ap_return_24_preg                  |  32|   0|   32|          0|
    |ap_return_25_preg                  |  32|   0|   32|          0|
    |ap_return_26_preg                  |  32|   0|   32|          0|
    |ap_return_27_preg                  |   5|   0|    5|          0|
    |ap_return_28_preg                  |   1|   0|    1|          0|
    |ap_return_29_preg                  |   1|   0|    1|          0|
    |ap_return_2_preg                   |  32|   0|   32|          0|
    |ap_return_30_preg                  |   7|   0|    7|          0|
    |ap_return_31_preg                  |   3|   0|    3|          0|
    |ap_return_32_preg                  |  32|   0|   32|          0|
    |ap_return_33_preg                  |  32|   0|   32|          0|
    |ap_return_34_preg                  |   1|   0|    1|          0|
    |ap_return_35_preg                  |   1|   0|    1|          0|
    |ap_return_36_preg                  |   1|   0|    1|          0|
    |ap_return_37_preg                  |  32|   0|   32|          0|
    |ap_return_38_preg                  |   5|   0|    5|          0|
    |ap_return_39_preg                  |   1|   0|    1|          0|
    |ap_return_3_preg                   |   1|   0|    1|          0|
    |ap_return_40_preg                  |  32|   0|   32|          0|
    |ap_return_41_preg                  |  32|   0|   32|          0|
    |ap_return_42_preg                  |   4|   0|    4|          0|
    |ap_return_43_preg                  |   1|   0|    1|          0|
    |ap_return_44_preg                  |   1|   0|    1|          0|
    |ap_return_45_preg                  |   1|   0|    1|          0|
    |ap_return_46_preg                  |  64|   0|   64|          0|
    |ap_return_47_preg                  |  32|   0|   32|          0|
    |ap_return_48_preg                  |   1|   0|    1|          0|
    |ap_return_49_preg                  |  32|   0|   32|          0|
    |ap_return_4_preg                   |  32|   0|   32|          0|
    |ap_return_50_preg                  |  32|   0|   32|          0|
    |ap_return_51_preg                  |  32|   0|   32|          0|
    |ap_return_52_preg                  |   1|   0|    1|          0|
    |ap_return_53_preg                  |   1|   0|    1|          0|
    |ap_return_5_preg                   |  32|   0|   32|          0|
    |ap_return_6_preg                   |   7|   0|    7|          0|
    |ap_return_7_preg                   |   7|   0|    7|          0|
    |ap_return_8_preg                   |   3|   0|    3|          0|
    |ap_return_9_preg                   |  32|   0|   32|          0|
    |byte2_V_2_reg_5192                 |   8|   0|    8|          0|
    |byte2_V_reg_5169                   |   8|   0|    8|          0|
    |byte3_V_2_reg_5197                 |   8|   0|    8|          0|
    |byte3_V_reg_5174                   |   8|   0|    8|          0|
    |core_bp_bht1_1_reg_1044            |   1|   0|    1|          0|
    |core_bp_bht_1_reg_1055             |   1|   0|    1|          0|
    |core_bp_dp_0_reg_864               |  32|   0|   32|          0|
    |core_bp_dp_1_reg_1024              |  32|   0|   32|          0|
    |core_bp_pd_0_reg_854               |   1|   0|    1|          0|
    |core_bp_pd_1_reg_1004              |   1|   0|    1|          0|
    |core_bp_perceptron_V_4_reg_5258    |  16|   0|   16|          0|
    |core_dataMemory_memo_1_reg_5179    |  11|   0|   15|          4|
    |core_dataMemory_memo_2_reg_5184    |  11|   0|   15|          4|
    |core_dctoEx_instruct_1_reg_5315    |  32|   0|   32|          0|
    |core_dctoEx_isBranch_1_reg_5325    |   1|   0|    1|          0|
    |core_dctoEx_pc_V_1_reg_5310        |  32|   0|   32|          0|
    |core_dctoEx_useRd_1_reg_5330       |   1|   0|    1|          0|
    |core_dctoEx_we_0_reg_988           |   1|   0|    1|          0|
    |core_stallSignals_0_s_reg_710      |   1|   0|    1|          0|
    |dctoEx_temp_datac_V_reg_4906       |  32|   0|   32|          0|
    |dctoEx_temp_funct3_V_reg_4889      |   3|   0|    3|          0|
    |dctoEx_temp_funct7_V_reg_4884      |   7|   0|    7|          0|
    |dctoEx_temp_instruct_reg_4872      |  32|   0|   32|          0|
    |dctoEx_temp_isBranch_reg_4918      |   1|   0|    1|          0|
    |dctoEx_temp_lhs_V_reg_4894         |  32|   0|   32|          0|
    |dctoEx_temp_nextPCDC_reg_4912      |  32|   0|   32|          0|
    |dctoEx_temp_opCode_V_reg_4878      |   7|   0|    7|          0|
    |dctoEx_temp_pc_V_reg_4865          |  32|   0|   32|          0|
    |dctoEx_temp_predBran_1_reg_842     |   1|   0|    1|          0|
    |dctoEx_temp_predBran_2_reg_874     |   1|   0|    1|          0|
    |dctoEx_temp_rd_V_reg_4977          |   5|   0|    5|          0|
    |dctoEx_temp_rhs_V_reg_4900         |  32|   0|   32|          0|
    |dctoEx_temp_rs1_V_reg_4953         |   5|   0|    5|          0|
    |dctoEx_temp_rs2_V_reg_4961         |   5|   0|    5|          0|
    |dctoEx_temp_rs3_V_reg_4969         |   5|   0|    5|          0|
    |dctoEx_temp_useRd_reg_4948         |   1|   0|    1|          0|
    |dctoEx_temp_useRs1_reg_4924        |   1|   0|    1|          0|
    |dctoEx_temp_useRs2_reg_4932        |   1|   0|    1|          0|
    |dctoEx_temp_useRs3_reg_4940        |   1|   0|    1|          0|
    |dctoEx_temp_we_reg_4982            |   1|   0|    1|          0|
    |extoMem_temp_datac_V_reg_5046      |  32|   0|   32|          0|
    |extoMem_temp_funct3_s_reg_5041     |   3|   0|    3|          0|
    |extoMem_temp_instruc_reg_4997      |  32|   0|   32|          0|
    |extoMem_temp_isBranc_reg_5058      |   1|   0|    1|          0|
    |extoMem_temp_isLongI_reg_5026      |   1|   0|    1|          0|
    |extoMem_temp_nextPC_s_reg_5051     |  32|   0|   32|          0|
    |extoMem_temp_opCode_s_reg_5035     |   7|   0|    7|          0|
    |extoMem_temp_pc_V_reg_4991         |  32|   0|   32|          0|
    |extoMem_temp_predBra_reg_5065      |   1|   0|    1|          0|
    |extoMem_temp_rd_V_reg_5010         |   5|   0|    5|          0|
    |extoMem_temp_result_s_reg_5002     |  32|   0|   32|          0|
    |extoMem_temp_useRd_reg_5018        |   1|   0|    1|          0|
    |extoMem_temp_we_reg_5071           |   1|   0|    1|          0|
    |forwardRegisters_for_4_reg_794     |   1|   0|    1|          0|
    |ftoDC_temp_nextPCFet_reg_4859      |  32|   0|   32|          0|
    |grp_decode_fu_1112_ap_start_reg    |   1|   0|    1|          0|
    |grp_execute_fu_1082_ap_start_reg   |   1|   0|    1|          0|
    |grp_p_update_fu_1124_ap_start_reg  |   1|   0|    1|          0|
    |icmp_ln640_reg_5141                |   1|   0|    1|          0|
    |icmp_ln641_reg_5165                |   1|   0|    1|          0|
    |icmp_ln653_reg_5145                |   1|   0|    1|          0|
    |localStall_reg_5212                |   1|   0|    1|          0|
    |memtoWB_temp_address_reg_5086      |  32|   0|   32|          0|
    |memtoWB_temp_byteEna_reg_5110      |   4|   0|    4|          0|
    |memtoWB_temp_isLoad_reg_5080       |   1|   0|    1|          0|
    |memtoWB_temp_isStore_reg_5095      |   1|   0|    1|          0|
    |memtoWB_temp_result_s_reg_830      |  32|   0|   32|          0|
    |or_ln680_1_reg_5228                |   1|   0|    1|          0|
    |p_Val2_s_reg_5101                  |  32|   0|   32|          0|
    |phi_ln691_reg_746                  |   1|   0|    1|          0|
    |phi_ln693_1_reg_818                |   1|   0|    1|          0|
    |phi_ln693_reg_782                  |   1|   0|    1|          0|
    |phi_ln698_reg_734                  |   1|   0|    1|          0|
    |phi_ln700_1_reg_806                |   1|   0|    1|          0|
    |phi_ln700_reg_770                  |   1|   0|    1|          0|
    |phi_ln705_reg_722                  |   1|   0|    1|          0|
    |phi_ln707_reg_758                  |   1|   0|    1|          0|
    |phi_ln742_1_reg_935                |  32|   0|   32|          0|
    |phi_ln742_2_reg_951                |  32|   0|   32|          0|
    |phi_ln742_3_reg_968                |   1|   0|    1|          0|
    |phi_ln742_reg_919                  |  32|   0|   32|          0|
    |r_V_s_reg_5149                     |  11|   0|   11|          0|
    |select_ln232_2_reg_5263            |  17|   0|   17|          0|
    |sub_ln544_reg_5237                 |   8|   0|    8|          0|
    |tmp_8_reg_5269                     |   1|   0|    1|          0|
    |tmp_V_reg_4854                     |  32|   0|   32|          0|
    |wbOut_temp_rd_V_reg_5123           |   5|   0|    5|          0|
    |wbOut_temp_useRd_reg_5115          |   1|   0|    1|          0|
    |write_flag11_0_reg_896             |   1|   0|    1|          0|
    |write_flag11_1_reg_5302            |   1|   0|    1|          0|
    |write_flag90_0_reg_1066            |   1|   0|    1|          0|
    |xor_ln562_reg_5136                 |   1|   0|    1|          0|
    |xor_ln634_reg_5131                 |   1|   0|    1|          0|
    |xor_ln680_reg_5223                 |   1|   0|    1|          0|
    +-----------------------------------+----+----+-----+-----------+
    |Total                              |1783|   0| 1791|          8|
    +-----------------------------------+----+----+-----+-----------+



================================================================
== Interface
================================================================
* Summary: 
+-----------------------------------+-----+-----+------------+---------------------------+--------------+
|             RTL Ports             | Dir | Bits|  Protocol  |       Source Object       |    C Type    |
+-----------------------------------+-----+-----+------------+---------------------------+--------------+
|ap_clk                             |  in |    1| ap_ctrl_hs |          doCycle          | return value |
|ap_rst                             |  in |    1| ap_ctrl_hs |          doCycle          | return value |
|ap_start                           |  in |    1| ap_ctrl_hs |          doCycle          | return value |
|ap_done                            | out |    1| ap_ctrl_hs |          doCycle          | return value |
|ap_idle                            | out |    1| ap_ctrl_hs |          doCycle          | return value |
|ap_ready                           | out |    1| ap_ctrl_hs |          doCycle          | return value |
|ap_return_0                        | out |   32| ap_ctrl_hs |          doCycle          | return value |
|ap_return_1                        | out |   32| ap_ctrl_hs |          doCycle          | return value |
|ap_return_2                        | out |   32| ap_ctrl_hs |          doCycle          | return value |
|ap_return_3                        | out |    1| ap_ctrl_hs |          doCycle          | return value |
|ap_return_4                        | out |   32| ap_ctrl_hs |          doCycle          | return value |
|ap_return_5                        | out |   32| ap_ctrl_hs |          doCycle          | return value |
|ap_return_6                        | out |    7| ap_ctrl_hs |          doCycle          | return value |
|ap_return_7                        | out |    7| ap_ctrl_hs |          doCycle          | return value |
|ap_return_8                        | out |    3| ap_ctrl_hs |          doCycle          | return value |
|ap_return_9                        | out |   32| ap_ctrl_hs |          doCycle          | return value |
|ap_return_10                       | out |   32| ap_ctrl_hs |          doCycle          | return value |
|ap_return_11                       | out |   32| ap_ctrl_hs |          doCycle          | return value |
|ap_return_12                       | out |   32| ap_ctrl_hs |          doCycle          | return value |
|ap_return_13                       | out |    1| ap_ctrl_hs |          doCycle          | return value |
|ap_return_14                       | out |    1| ap_ctrl_hs |          doCycle          | return value |
|ap_return_15                       | out |    1| ap_ctrl_hs |          doCycle          | return value |
|ap_return_16                       | out |    1| ap_ctrl_hs |          doCycle          | return value |
|ap_return_17                       | out |    1| ap_ctrl_hs |          doCycle          | return value |
|ap_return_18                       | out |    1| ap_ctrl_hs |          doCycle          | return value |
|ap_return_19                       | out |    5| ap_ctrl_hs |          doCycle          | return value |
|ap_return_20                       | out |    5| ap_ctrl_hs |          doCycle          | return value |
|ap_return_21                       | out |    5| ap_ctrl_hs |          doCycle          | return value |
|ap_return_22                       | out |    5| ap_ctrl_hs |          doCycle          | return value |
|ap_return_23                       | out |    1| ap_ctrl_hs |          doCycle          | return value |
|ap_return_24                       | out |   32| ap_ctrl_hs |          doCycle          | return value |
|ap_return_25                       | out |   32| ap_ctrl_hs |          doCycle          | return value |
|ap_return_26                       | out |   32| ap_ctrl_hs |          doCycle          | return value |
|ap_return_27                       | out |    5| ap_ctrl_hs |          doCycle          | return value |
|ap_return_28                       | out |    1| ap_ctrl_hs |          doCycle          | return value |
|ap_return_29                       | out |    1| ap_ctrl_hs |          doCycle          | return value |
|ap_return_30                       | out |    7| ap_ctrl_hs |          doCycle          | return value |
|ap_return_31                       | out |    3| ap_ctrl_hs |          doCycle          | return value |
|ap_return_32                       | out |   32| ap_ctrl_hs |          doCycle          | return value |
|ap_return_33                       | out |   32| ap_ctrl_hs |          doCycle          | return value |
|ap_return_34                       | out |    1| ap_ctrl_hs |          doCycle          | return value |
|ap_return_35                       | out |    1| ap_ctrl_hs |          doCycle          | return value |
|ap_return_36                       | out |    1| ap_ctrl_hs |          doCycle          | return value |
|ap_return_37                       | out |   32| ap_ctrl_hs |          doCycle          | return value |
|ap_return_38                       | out |    5| ap_ctrl_hs |          doCycle          | return value |
|ap_return_39                       | out |    1| ap_ctrl_hs |          doCycle          | return value |
|ap_return_40                       | out |   32| ap_ctrl_hs |          doCycle          | return value |
|ap_return_41                       | out |   32| ap_ctrl_hs |          doCycle          | return value |
|ap_return_42                       | out |    4| ap_ctrl_hs |          doCycle          | return value |
|ap_return_43                       | out |    1| ap_ctrl_hs |          doCycle          | return value |
|ap_return_44                       | out |    1| ap_ctrl_hs |          doCycle          | return value |
|ap_return_45                       | out |    1| ap_ctrl_hs |          doCycle          | return value |
|ap_return_46                       | out |   64| ap_ctrl_hs |          doCycle          | return value |
|ap_return_47                       | out |   32| ap_ctrl_hs |          doCycle          | return value |
|ap_return_48                       | out |    1| ap_ctrl_hs |          doCycle          | return value |
|ap_return_49                       | out |   32| ap_ctrl_hs |          doCycle          | return value |
|ap_return_50                       | out |   32| ap_ctrl_hs |          doCycle          | return value |
|ap_return_51                       | out |   32| ap_ctrl_hs |          doCycle          | return value |
|ap_return_52                       | out |    1| ap_ctrl_hs |          doCycle          | return value |
|ap_return_53                       | out |    1| ap_ctrl_hs |          doCycle          | return value |
|core_ftoDC_pc_V_read               |  in |   32|   ap_none  |    core_ftoDC_pc_V_read   |    scalar    |
|core_ftoDC_instructi               |  in |   32|   ap_none  |    core_ftoDC_instructi   |    scalar    |
|core_ftoDC_nextPCFet               |  in |   32|   ap_none  |    core_ftoDC_nextPCFet   |    scalar    |
|core_ftoDC_we_read                 |  in |    1|   ap_none  |     core_ftoDC_we_read    |    scalar    |
|core_dctoEx_pc_V_rea               |  in |   32|   ap_none  |    core_dctoEx_pc_V_rea   |    scalar    |
|core_dctoEx_instruct               |  in |   32|   ap_none  |    core_dctoEx_instruct   |    scalar    |
|core_dctoEx_opCode_V_read          |  in |    7|   ap_none  | core_dctoEx_opCode_V_read |    scalar    |
|core_dctoEx_funct7_V_read          |  in |    7|   ap_none  | core_dctoEx_funct7_V_read |    scalar    |
|core_dctoEx_funct3_V_read          |  in |    3|   ap_none  | core_dctoEx_funct3_V_read |    scalar    |
|core_dctoEx_lhs_V_re               |  in |   32|   ap_none  |    core_dctoEx_lhs_V_re   |    scalar    |
|core_dctoEx_rhs_V_re               |  in |   32|   ap_none  |    core_dctoEx_rhs_V_re   |    scalar    |
|core_dctoEx_datac_V_s              |  in |   32|   ap_none  |   core_dctoEx_datac_V_s   |    scalar    |
|core_dctoEx_nextPCDC               |  in |   32|   ap_none  |    core_dctoEx_nextPCDC   |    scalar    |
|core_dctoEx_isBranch               |  in |    1|   ap_none  |    core_dctoEx_isBranch   |    scalar    |
|core_dctoEx_predBran               |  in |    1|   ap_none  |    core_dctoEx_predBran   |    scalar    |
|core_dctoEx_useRs1_r               |  in |    1|   ap_none  |    core_dctoEx_useRs1_r   |    scalar    |
|core_dctoEx_useRs2_r               |  in |    1|   ap_none  |    core_dctoEx_useRs2_r   |    scalar    |
|core_dctoEx_useRs3_r               |  in |    1|   ap_none  |    core_dctoEx_useRs3_r   |    scalar    |
|core_dctoEx_useRd_re               |  in |    1|   ap_none  |    core_dctoEx_useRd_re   |    scalar    |
|core_dctoEx_rs1_V_re               |  in |    5|   ap_none  |    core_dctoEx_rs1_V_re   |    scalar    |
|core_dctoEx_rs2_V_re               |  in |    5|   ap_none  |    core_dctoEx_rs2_V_re   |    scalar    |
|core_dctoEx_rs3_V_re               |  in |    5|   ap_none  |    core_dctoEx_rs3_V_re   |    scalar    |
|core_dctoEx_rd_V_rea               |  in |    5|   ap_none  |    core_dctoEx_rd_V_rea   |    scalar    |
|core_dctoEx_we_read                |  in |    1|   ap_none  |    core_dctoEx_we_read    |    scalar    |
|core_extoMem_pc_V_re               |  in |   32|   ap_none  |    core_extoMem_pc_V_re   |    scalar    |
|core_extoMem_instruc               |  in |   32|   ap_none  |    core_extoMem_instruc   |    scalar    |
|core_extoMem_result_s              |  in |   32|   ap_none  |   core_extoMem_result_s   |    scalar    |
|core_extoMem_rd_V_re               |  in |    5|   ap_none  |    core_extoMem_rd_V_re   |    scalar    |
|core_extoMem_useRd_r               |  in |    1|   ap_none  |    core_extoMem_useRd_r   |    scalar    |
|core_extoMem_isLongI               |  in |    1|   ap_none  |    core_extoMem_isLongI   |    scalar    |
|core_extoMem_opCode_s              |  in |    7|   ap_none  |   core_extoMem_opCode_s   |    scalar    |
|core_extoMem_funct3_s              |  in |    3|   ap_none  |   core_extoMem_funct3_s   |    scalar    |
|core_extoMem_datac_V_read          |  in |   32|   ap_none  | core_extoMem_datac_V_read |    scalar    |
|core_extoMem_nextPC_s              |  in |   32|   ap_none  |   core_extoMem_nextPC_s   |    scalar    |
|core_extoMem_isBranc               |  in |    1|   ap_none  |    core_extoMem_isBranc   |    scalar    |
|core_extoMem_predBra               |  in |    1|   ap_none  |    core_extoMem_predBra   |    scalar    |
|core_extoMem_we_read               |  in |    1|   ap_none  |    core_extoMem_we_read   |    scalar    |
|core_memtoWB_result_s              |  in |   32|   ap_none  |   core_memtoWB_result_s   |    scalar    |
|core_memtoWB_rd_V_re               |  in |    5|   ap_none  |    core_memtoWB_rd_V_re   |    scalar    |
|core_memtoWB_useRd_r               |  in |    1|   ap_none  |    core_memtoWB_useRd_r   |    scalar    |
|core_memtoWB_address               |  in |   32|   ap_none  |    core_memtoWB_address   |    scalar    |
|core_memtoWB_valueTo               |  in |   32|   ap_none  |    core_memtoWB_valueTo   |    scalar    |
|core_memtoWB_byteEna               |  in |    4|   ap_none  |    core_memtoWB_byteEna   |    scalar    |
|core_memtoWB_isStore               |  in |    1|   ap_none  |    core_memtoWB_isStore   |    scalar    |
|core_memtoWB_isLoad_s              |  in |    1|   ap_none  |   core_memtoWB_isLoad_s   |    scalar    |
|core_memtoWB_we_read               |  in |    1|   ap_none  |    core_memtoWB_we_read   |    scalar    |
|core_dataMemory_memory_V_address0  | out |   15|  ap_memory |  core_dataMemory_memory_V |     array    |
|core_dataMemory_memory_V_ce0       | out |    1|  ap_memory |  core_dataMemory_memory_V |     array    |
|core_dataMemory_memory_V_we0       | out |    1|  ap_memory |  core_dataMemory_memory_V |     array    |
|core_dataMemory_memory_V_d0        | out |    8|  ap_memory |  core_dataMemory_memory_V |     array    |
|core_dataMemory_memory_V_q0        |  in |    8|  ap_memory |  core_dataMemory_memory_V |     array    |
|core_dataMemory_memory_V_address1  | out |   15|  ap_memory |  core_dataMemory_memory_V |     array    |
|core_dataMemory_memory_V_ce1       | out |    1|  ap_memory |  core_dataMemory_memory_V |     array    |
|core_dataMemory_memory_V_we1       | out |    1|  ap_memory |  core_dataMemory_memory_V |     array    |
|core_dataMemory_memory_V_d1        | out |    8|  ap_memory |  core_dataMemory_memory_V |     array    |
|core_dataMemory_memory_V_q1        |  in |    8|  ap_memory |  core_dataMemory_memory_V |     array    |
|core_im_V_address0                 | out |   13|  ap_memory |         core_im_V         |     array    |
|core_im_V_ce0                      | out |    1|  ap_memory |         core_im_V         |     array    |
|core_im_V_q0                       |  in |   32|  ap_memory |         core_im_V         |     array    |
|core_bp_processCount               |  in |   32|   ap_none  |    core_bp_processCount   |    scalar    |
|core_bp_front_read                 |  in |   32|   ap_none  |     core_bp_front_read    |    scalar    |
|core_bp_perceptron_V_address0      | out |    7|  ap_memory |    core_bp_perceptron_V   |     array    |
|core_bp_perceptron_V_ce0           | out |    1|  ap_memory |    core_bp_perceptron_V   |     array    |
|core_bp_perceptron_V_we0           | out |    1|  ap_memory |    core_bp_perceptron_V   |     array    |
|core_bp_perceptron_V_d0            | out |   16|  ap_memory |    core_bp_perceptron_V   |     array    |
|core_bp_perceptron_V_q0            |  in |   16|  ap_memory |    core_bp_perceptron_V   |     array    |
|core_bp_perceptron_V_address1      | out |    7|  ap_memory |    core_bp_perceptron_V   |     array    |
|core_bp_perceptron_V_ce1           | out |    1|  ap_memory |    core_bp_perceptron_V   |     array    |
|core_bp_perceptron_V_we1           | out |    1|  ap_memory |    core_bp_perceptron_V   |     array    |
|core_bp_perceptron_V_d1            | out |   16|  ap_memory |    core_bp_perceptron_V   |     array    |
|core_bp_perceptron_V_q1            |  in |   16|  ap_memory |    core_bp_perceptron_V   |     array    |
|core_bp_bht_0_read                 |  in |    1|   ap_none  |     core_bp_bht_0_read    |    scalar    |
|core_bp_bht_1_read                 |  in |    1|   ap_none  |     core_bp_bht_1_read    |    scalar    |
|core_bp_dp_read                    |  in |   32|   ap_none  |      core_bp_dp_read      |    scalar    |
|core_bp_pd_read                    |  in |    1|   ap_none  |      core_bp_pd_read      |    scalar    |
|core_regFile_V_address0            | out |    5|  ap_memory |       core_regFile_V      |     array    |
|core_regFile_V_ce0                 | out |    1|  ap_memory |       core_regFile_V      |     array    |
|core_regFile_V_we0                 | out |    1|  ap_memory |       core_regFile_V      |     array    |
|core_regFile_V_d0                  | out |   32|  ap_memory |       core_regFile_V      |     array    |
|core_regFile_V_q0                  |  in |   32|  ap_memory |       core_regFile_V      |     array    |
|core_regFile_V_address1            | out |    5|  ap_memory |       core_regFile_V      |     array    |
|core_regFile_V_ce1                 | out |    1|  ap_memory |       core_regFile_V      |     array    |
|core_regFile_V_q1                  |  in |   32|  ap_memory |       core_regFile_V      |     array    |
|core_pc_V_read                     |  in |   32|   ap_none  |       core_pc_V_read      |    scalar    |
|core_cycle_read                    |  in |   64|   ap_none  |      core_cycle_read      |    scalar    |
|globalStall                        |  in |    1|   ap_none  |        globalStall        |    scalar    |
+-----------------------------------+-----+-----+------------+---------------------------+--------------+

